[kbplacer_plugin_action.py:79]: Plugin executed with KiCad version: 7.0.8
[kbplacer_plugin_action.py:80]: Plugin executed with python version: '3.9.16 (main, Aug  8 2023, 05:38:28) [MSC v.1936 64 bit (AMD64)]'
[kbplacer_dialog.py:512]: Language: en
[kbplacer_plugin_action.py:96]: GUI state: {"switch_section": {"annotation": "MX{}", "layout_path": "C:\\Users\\Ismael\\Desktop\\Perso Projects\\KeycapsLayout\\Colored\\1-VesselV3.json", "x_distance": "19.05", "y_distance": "19.05"}, "switch_diodes_section": {"enable": true, "route_switches_with_diodes": false, "element_info": {"annotation_format": "D{}", "position_option": "Custom", "position": {"relative_position": [5.08, 3.6], "orientation": 90.0, "side": "BACK"}, "template_path": ""}}, "additional_elements": {"elements_info": [{"annotation_format": "MX_SW_solder{}", "position_option": "Custom", "position": {"relative_position": [0.0, 0.0], "orientation": 0.0, "side": "FRONT"}, "template_path": ""}]}, "misc_section": {"route_rows_and_columns": false, "template_path": ""}}
[key_placer.py:66]: Set key 1U distance: 19050000/19050000
[key_placer.py:451]: Diode info: ElementInfo(annotation_format='D{}', position_option=<PositionOption.CUSTOM: 'Custom'>, position=ElementPosition(relative_position=Point(x=5.08, y=3.6), orientation=90.0, side=<Side.BACK: True>), template_path='')
[key_placer.py:493]: User layout: [{'pcb': False}, [{'c': '#bf1d1d'}, 'M1\nBrowsers', {'c': '#cccccc'}, 'M2\nSocials', {'x': 0.25}, 'M3\nMusic', 'M4\nDdls', {'x': 0.25}, 'M5\nSteam', 'M6', {'x': 0.25, 'c': '#666259'}, 'M7', 'M8', {'x': 0.25, 'c': '#cccccc'}, 'M9', 'M10', {'x': 0.25}, 'M11', 'M12', {'x': 1, 'c': '#bf1d1d'}, "<i class='kb kb-Multimedia-Rewind-Start'></i>", "<i class='kb kb-Multimedia-Play-Pause'></i>", "<i class='kb kb-Multimedia-FastForward-End'></i>"], [{'y': 0.1499999999999999, 'c': '#666259'}, 'Esc', {'x': 0.5, 'c': '#cccccc'}, 'F1', 'F2', 'F3', 'F4', {'x': 0.25}, 'F5', 'F6', 'F7', 'F8', {'x': 0.25}, 'F9', 'F10', 'F11', 'F12', {'x': 0.25}, 'PrtSc', 'OC', 'Layers'], [{'y': 0.1499999999999999, 'c': '#666259'}, 'T1', {'c': '#cccccc'}, 'T2', 'T3', 'T4', 'T5', 'T6', 'T7', 'T8', 'T9', 'T10', 'T11', 'T12', 'T13', {'c': '#666259', 'w': 2}, 'Backspace', {'x': 0.25, 'c': '#cccccc'}, 'Home', {'c': '#bf1d1d'}, 'End'], [{'c': '#cccccc', 'w': 1.5}, 'Tab', 'A', 'Z', 'E', 'R', 'T', 'Y', 'U', 'I', 'O', 'P', 'T14', 'T15', {'x': 0.25, 'w': 1.25, 'h': 2, 'w2': 1.5, 'h2': 1, 'x2': -0.25}, 'Enter', {'x': 0.25, 'c': '#bf1d1d'}, 'Insert', {'c': '#cccccc'}, 'PgUp'], [{'w': 1.75}, 'Caps Lock', 'Q', 'S', 'D', 'F', 'G', 'H', 'J', 'K', 'L', 'M', 'T16', 'T17', {'x': 1.5}, 'Delete', {'c': '#bf1d1d'}, 'PgDn'], [{'c': '#cccccc', 'w': 1.25}, 'Shift', '>\n<', 'W', 'X', 'C', 'V', 'B', 'N', 'T18', 'T19', 'T20', 'T21', {'w': 1.75}, 'Shift', {'c': '#bf1d1d'}, '↑', {'x': 1.25, 'c': '#cccccc'}, 'T22'], [{'c': '#bf1d1d', 'w': 1.25}, 'Ctrl', {'c': '#cccccc', 'w': 1.25}, "<i class='kb kb-logo-windows-8'></i>", {'c': '#bf1d1d', 'w': 1.25}, 'Alt', {'c': '#cccccc', 'a': 7, 'w': 6.25}, '', {'c': '#bf1d1d', 'a': 4, 'w': 1.25}, 'AltGr', {'c': '#cccccc', 'w': 1.25}, 'Menu', {'x': 0.5, 'c': '#bf1d1d'}, '←', {'c': '#cccccc'}, '↓', {'c': '#bf1d1d'}, '→']]
[board_modifier.py:64]: Searching for MX1 footprint in C:/Users/Ismael/Desktop/Perso Projects/VesselV3/VesselV3.kicad_pcb
[board_modifier.py:84]: Setting MX1 footprint position: (34525000, 34525000)
[board_modifier.py:64]: Searching for MX2 footprint in C:/Users/Ismael/Desktop/Perso Projects/VesselV3/VesselV3.kicad_pcb
[board_modifier.py:84]: Setting MX2 footprint position: (53575000, 34525000)
[board_modifier.py:64]: Searching for MX3 footprint in C:/Users/Ismael/Desktop/Perso Projects/VesselV3/VesselV3.kicad_pcb
[board_modifier.py:84]: Setting MX3 footprint position: (77387500, 34525000)
[board_modifier.py:64]: Searching for MX4 footprint in C:/Users/Ismael/Desktop/Perso Projects/VesselV3/VesselV3.kicad_pcb
[board_modifier.py:84]: Setting MX4 footprint position: (96437500, 34525000)
[board_modifier.py:64]: Searching for MX5 footprint in C:/Users/Ismael/Desktop/Perso Projects/VesselV3/VesselV3.kicad_pcb
[board_modifier.py:84]: Setting MX5 footprint position: (120250000, 34525000)
[board_modifier.py:64]: Searching for MX6 footprint in C:/Users/Ismael/Desktop/Perso Projects/VesselV3/VesselV3.kicad_pcb
[board_modifier.py:84]: Setting MX6 footprint position: (139300000, 34525000)
[board_modifier.py:64]: Searching for MX7 footprint in C:/Users/Ismael/Desktop/Perso Projects/VesselV3/VesselV3.kicad_pcb
[board_modifier.py:84]: Setting MX7 footprint position: (163112500, 34525000)
[board_modifier.py:64]: Searching for MX8 footprint in C:/Users/Ismael/Desktop/Perso Projects/VesselV3/VesselV3.kicad_pcb
[board_modifier.py:84]: Setting MX8 footprint position: (182162500, 34525000)
[board_modifier.py:64]: Searching for MX9 footprint in C:/Users/Ismael/Desktop/Perso Projects/VesselV3/VesselV3.kicad_pcb
[board_modifier.py:84]: Setting MX9 footprint position: (205975000, 34525000)
[board_modifier.py:64]: Searching for MX10 footprint in C:/Users/Ismael/Desktop/Perso Projects/VesselV3/VesselV3.kicad_pcb
[board_modifier.py:84]: Setting MX10 footprint position: (225025000, 34525000)
[board_modifier.py:64]: Searching for MX11 footprint in C:/Users/Ismael/Desktop/Perso Projects/VesselV3/VesselV3.kicad_pcb
[board_modifier.py:84]: Setting MX11 footprint position: (248837500, 34525000)
[board_modifier.py:64]: Searching for MX12 footprint in C:/Users/Ismael/Desktop/Perso Projects/VesselV3/VesselV3.kicad_pcb
[board_modifier.py:84]: Setting MX12 footprint position: (267887500, 34525000)
[board_modifier.py:64]: Searching for MX13 footprint in C:/Users/Ismael/Desktop/Perso Projects/VesselV3/VesselV3.kicad_pcb
[board_modifier.py:84]: Setting MX13 footprint position: (305987500, 34525000)
[board_modifier.py:64]: Searching for MX14 footprint in C:/Users/Ismael/Desktop/Perso Projects/VesselV3/VesselV3.kicad_pcb
[board_modifier.py:84]: Setting MX14 footprint position: (325037500, 34525000)
[board_modifier.py:64]: Searching for MX15 footprint in C:/Users/Ismael/Desktop/Perso Projects/VesselV3/VesselV3.kicad_pcb
[board_modifier.py:84]: Setting MX15 footprint position: (344087500, 34525000)
[board_modifier.py:64]: Searching for MX16 footprint in C:/Users/Ismael/Desktop/Perso Projects/VesselV3/VesselV3.kicad_pcb
[board_modifier.py:84]: Setting MX16 footprint position: (34525000, 56432500)
[board_modifier.py:64]: Searching for MX17 footprint in C:/Users/Ismael/Desktop/Perso Projects/VesselV3/VesselV3.kicad_pcb
[board_modifier.py:84]: Setting MX17 footprint position: (63100000, 56432500)
[board_modifier.py:64]: Searching for MX18 footprint in C:/Users/Ismael/Desktop/Perso Projects/VesselV3/VesselV3.kicad_pcb
[board_modifier.py:84]: Setting MX18 footprint position: (82150000, 56432500)
[board_modifier.py:64]: Searching for MX19 footprint in C:/Users/Ismael/Desktop/Perso Projects/VesselV3/VesselV3.kicad_pcb
[board_modifier.py:84]: Setting MX19 footprint position: (101200000, 56432500)
[board_modifier.py:64]: Searching for MX20 footprint in C:/Users/Ismael/Desktop/Perso Projects/VesselV3/VesselV3.kicad_pcb
[board_modifier.py:84]: Setting MX20 footprint position: (120250000, 56432500)
[board_modifier.py:64]: Searching for MX21 footprint in C:/Users/Ismael/Desktop/Perso Projects/VesselV3/VesselV3.kicad_pcb
[board_modifier.py:84]: Setting MX21 footprint position: (144062500, 56432500)
[board_modifier.py:64]: Searching for MX22 footprint in C:/Users/Ismael/Desktop/Perso Projects/VesselV3/VesselV3.kicad_pcb
[board_modifier.py:84]: Setting MX22 footprint position: (163112500, 56432500)
[board_modifier.py:64]: Searching for MX23 footprint in C:/Users/Ismael/Desktop/Perso Projects/VesselV3/VesselV3.kicad_pcb
[board_modifier.py:84]: Setting MX23 footprint position: (182162500, 56432500)
[board_modifier.py:64]: Searching for MX24 footprint in C:/Users/Ismael/Desktop/Perso Projects/VesselV3/VesselV3.kicad_pcb
[board_modifier.py:84]: Setting MX24 footprint position: (201212500, 56432500)
[board_modifier.py:64]: Searching for MX25 footprint in C:/Users/Ismael/Desktop/Perso Projects/VesselV3/VesselV3.kicad_pcb
[board_modifier.py:84]: Setting MX25 footprint position: (225025000, 56432500)
[board_modifier.py:64]: Searching for MX26 footprint in C:/Users/Ismael/Desktop/Perso Projects/VesselV3/VesselV3.kicad_pcb
[board_modifier.py:84]: Setting MX26 footprint position: (244075000, 56432500)
[board_modifier.py:64]: Searching for MX27 footprint in C:/Users/Ismael/Desktop/Perso Projects/VesselV3/VesselV3.kicad_pcb
[board_modifier.py:84]: Setting MX27 footprint position: (263125000, 56432500)
[board_modifier.py:64]: Searching for MX28 footprint in C:/Users/Ismael/Desktop/Perso Projects/VesselV3/VesselV3.kicad_pcb
[board_modifier.py:84]: Setting MX28 footprint position: (282175000, 56432500)
[board_modifier.py:64]: Searching for MX29 footprint in C:/Users/Ismael/Desktop/Perso Projects/VesselV3/VesselV3.kicad_pcb
[board_modifier.py:84]: Setting MX29 footprint position: (305987500, 56432500)
[board_modifier.py:64]: Searching for MX30 footprint in C:/Users/Ismael/Desktop/Perso Projects/VesselV3/VesselV3.kicad_pcb
[board_modifier.py:84]: Setting MX30 footprint position: (325037500, 56432500)
[board_modifier.py:64]: Searching for MX31 footprint in C:/Users/Ismael/Desktop/Perso Projects/VesselV3/VesselV3.kicad_pcb
[board_modifier.py:84]: Setting MX31 footprint position: (344087500, 56432500)
[board_modifier.py:64]: Searching for MX32 footprint in C:/Users/Ismael/Desktop/Perso Projects/VesselV3/VesselV3.kicad_pcb
[board_modifier.py:84]: Setting MX32 footprint position: (34525000, 78340000)
[board_modifier.py:64]: Searching for MX33 footprint in C:/Users/Ismael/Desktop/Perso Projects/VesselV3/VesselV3.kicad_pcb
[board_modifier.py:84]: Setting MX33 footprint position: (53575000, 78340000)
[board_modifier.py:64]: Searching for MX34 footprint in C:/Users/Ismael/Desktop/Perso Projects/VesselV3/VesselV3.kicad_pcb
[board_modifier.py:84]: Setting MX34 footprint position: (72625000, 78340000)
[board_modifier.py:64]: Searching for MX35 footprint in C:/Users/Ismael/Desktop/Perso Projects/VesselV3/VesselV3.kicad_pcb
[board_modifier.py:84]: Setting MX35 footprint position: (91675000, 78340000)
[board_modifier.py:64]: Searching for MX36 footprint in C:/Users/Ismael/Desktop/Perso Projects/VesselV3/VesselV3.kicad_pcb
[board_modifier.py:84]: Setting MX36 footprint position: (110725000, 78340000)
[board_modifier.py:64]: Searching for MX37 footprint in C:/Users/Ismael/Desktop/Perso Projects/VesselV3/VesselV3.kicad_pcb
[board_modifier.py:84]: Setting MX37 footprint position: (129775000, 78340000)
[board_modifier.py:64]: Searching for MX38 footprint in C:/Users/Ismael/Desktop/Perso Projects/VesselV3/VesselV3.kicad_pcb
[board_modifier.py:84]: Setting MX38 footprint position: (148825000, 78340000)
[board_modifier.py:64]: Searching for MX39 footprint in C:/Users/Ismael/Desktop/Perso Projects/VesselV3/VesselV3.kicad_pcb
[board_modifier.py:84]: Setting MX39 footprint position: (167875000, 78340000)
[board_modifier.py:64]: Searching for MX40 footprint in C:/Users/Ismael/Desktop/Perso Projects/VesselV3/VesselV3.kicad_pcb
[board_modifier.py:84]: Setting MX40 footprint position: (186925000, 78340000)
[board_modifier.py:64]: Searching for MX41 footprint in C:/Users/Ismael/Desktop/Perso Projects/VesselV3/VesselV3.kicad_pcb
[board_modifier.py:84]: Setting MX41 footprint position: (205975000, 78340000)
[board_modifier.py:64]: Searching for MX42 footprint in C:/Users/Ismael/Desktop/Perso Projects/VesselV3/VesselV3.kicad_pcb
[board_modifier.py:84]: Setting MX42 footprint position: (225025000, 78340000)
[board_modifier.py:64]: Searching for MX43 footprint in C:/Users/Ismael/Desktop/Perso Projects/VesselV3/VesselV3.kicad_pcb
[board_modifier.py:84]: Setting MX43 footprint position: (244075000, 78340000)
[board_modifier.py:64]: Searching for MX44 footprint in C:/Users/Ismael/Desktop/Perso Projects/VesselV3/VesselV3.kicad_pcb
[board_modifier.py:84]: Setting MX44 footprint position: (263125000, 78340000)
[board_modifier.py:64]: Searching for MX45 footprint in C:/Users/Ismael/Desktop/Perso Projects/VesselV3/VesselV3.kicad_pcb
[board_modifier.py:84]: Setting MX45 footprint position: (291700000, 78340000)
[board_modifier.py:64]: Searching for MX46 footprint in C:/Users/Ismael/Desktop/Perso Projects/VesselV3/VesselV3.kicad_pcb
[board_modifier.py:84]: Setting MX46 footprint position: (325037500, 78340000)
[board_modifier.py:64]: Searching for MX47 footprint in C:/Users/Ismael/Desktop/Perso Projects/VesselV3/VesselV3.kicad_pcb
[board_modifier.py:84]: Setting MX47 footprint position: (344087500, 78340000)
[board_modifier.py:64]: Searching for MX48 footprint in C:/Users/Ismael/Desktop/Perso Projects/VesselV3/VesselV3.kicad_pcb
[board_modifier.py:84]: Setting MX48 footprint position: (39287500, 97390000)
[board_modifier.py:64]: Searching for MX49 footprint in C:/Users/Ismael/Desktop/Perso Projects/VesselV3/VesselV3.kicad_pcb
[board_modifier.py:84]: Setting MX49 footprint position: (63100000, 97390000)
[board_modifier.py:64]: Searching for MX50 footprint in C:/Users/Ismael/Desktop/Perso Projects/VesselV3/VesselV3.kicad_pcb
[board_modifier.py:84]: Setting MX50 footprint position: (82150000, 97390000)
[board_modifier.py:64]: Searching for MX51 footprint in C:/Users/Ismael/Desktop/Perso Projects/VesselV3/VesselV3.kicad_pcb
[board_modifier.py:84]: Setting MX51 footprint position: (101200000, 97390000)
[board_modifier.py:64]: Searching for MX52 footprint in C:/Users/Ismael/Desktop/Perso Projects/VesselV3/VesselV3.kicad_pcb
[board_modifier.py:84]: Setting MX52 footprint position: (120250000, 97390000)
[board_modifier.py:64]: Searching for MX53 footprint in C:/Users/Ismael/Desktop/Perso Projects/VesselV3/VesselV3.kicad_pcb
[board_modifier.py:84]: Setting MX53 footprint position: (139300000, 97390000)
[board_modifier.py:64]: Searching for MX54 footprint in C:/Users/Ismael/Desktop/Perso Projects/VesselV3/VesselV3.kicad_pcb
[board_modifier.py:84]: Setting MX54 footprint position: (158350000, 97390000)
[board_modifier.py:64]: Searching for MX55 footprint in C:/Users/Ismael/Desktop/Perso Projects/VesselV3/VesselV3.kicad_pcb
[board_modifier.py:84]: Setting MX55 footprint position: (177400000, 97390000)
[board_modifier.py:64]: Searching for MX56 footprint in C:/Users/Ismael/Desktop/Perso Projects/VesselV3/VesselV3.kicad_pcb
[board_modifier.py:84]: Setting MX56 footprint position: (196450000, 97390000)
[board_modifier.py:64]: Searching for MX57 footprint in C:/Users/Ismael/Desktop/Perso Projects/VesselV3/VesselV3.kicad_pcb
[board_modifier.py:84]: Setting MX57 footprint position: (215500000, 97390000)
[board_modifier.py:64]: Searching for MX58 footprint in C:/Users/Ismael/Desktop/Perso Projects/VesselV3/VesselV3.kicad_pcb
[board_modifier.py:84]: Setting MX58 footprint position: (234550000, 97390000)
[board_modifier.py:64]: Searching for MX59 footprint in C:/Users/Ismael/Desktop/Perso Projects/VesselV3/VesselV3.kicad_pcb
[board_modifier.py:84]: Setting MX59 footprint position: (253600000, 97390000)
[board_modifier.py:64]: Searching for MX60 footprint in C:/Users/Ismael/Desktop/Perso Projects/VesselV3/VesselV3.kicad_pcb
[board_modifier.py:84]: Setting MX60 footprint position: (272650000, 97390000)
[board_modifier.py:64]: Searching for MX61 footprint in C:/Users/Ismael/Desktop/Perso Projects/VesselV3/VesselV3.kicad_pcb
[board_modifier.py:84]: Setting MX61 footprint position: (298843750, 106915000)
[board_modifier.py:64]: Searching for MX62 footprint in C:/Users/Ismael/Desktop/Perso Projects/VesselV3/VesselV3.kicad_pcb
[board_modifier.py:84]: Setting MX62 footprint position: (325037500, 97390000)
[board_modifier.py:64]: Searching for MX63 footprint in C:/Users/Ismael/Desktop/Perso Projects/VesselV3/VesselV3.kicad_pcb
[board_modifier.py:84]: Setting MX63 footprint position: (344087500, 97390000)
[board_modifier.py:64]: Searching for MX64 footprint in C:/Users/Ismael/Desktop/Perso Projects/VesselV3/VesselV3.kicad_pcb
[board_modifier.py:84]: Setting MX64 footprint position: (41668750, 116440000)
[board_modifier.py:64]: Searching for MX65 footprint in C:/Users/Ismael/Desktop/Perso Projects/VesselV3/VesselV3.kicad_pcb
[board_modifier.py:84]: Setting MX65 footprint position: (67862500, 116440000)
[board_modifier.py:64]: Searching for MX66 footprint in C:/Users/Ismael/Desktop/Perso Projects/VesselV3/VesselV3.kicad_pcb
[board_modifier.py:84]: Setting MX66 footprint position: (86912500, 116440000)
[board_modifier.py:64]: Searching for MX67 footprint in C:/Users/Ismael/Desktop/Perso Projects/VesselV3/VesselV3.kicad_pcb
[board_modifier.py:84]: Setting MX67 footprint position: (105962500, 116440000)
[board_modifier.py:64]: Searching for MX68 footprint in C:/Users/Ismael/Desktop/Perso Projects/VesselV3/VesselV3.kicad_pcb
[board_modifier.py:84]: Setting MX68 footprint position: (125012500, 116440000)
[board_modifier.py:64]: Searching for MX69 footprint in C:/Users/Ismael/Desktop/Perso Projects/VesselV3/VesselV3.kicad_pcb
[board_modifier.py:84]: Setting MX69 footprint position: (144062500, 116440000)
[board_modifier.py:64]: Searching for MX70 footprint in C:/Users/Ismael/Desktop/Perso Projects/VesselV3/VesselV3.kicad_pcb
[board_modifier.py:84]: Setting MX70 footprint position: (163112500, 116440000)
[board_modifier.py:64]: Searching for MX71 footprint in C:/Users/Ismael/Desktop/Perso Projects/VesselV3/VesselV3.kicad_pcb
[board_modifier.py:84]: Setting MX71 footprint position: (182162500, 116440000)
[board_modifier.py:64]: Searching for MX72 footprint in C:/Users/Ismael/Desktop/Perso Projects/VesselV3/VesselV3.kicad_pcb
[board_modifier.py:84]: Setting MX72 footprint position: (201212500, 116440000)
[board_modifier.py:64]: Searching for MX73 footprint in C:/Users/Ismael/Desktop/Perso Projects/VesselV3/VesselV3.kicad_pcb
[board_modifier.py:84]: Setting MX73 footprint position: (220262500, 116440000)
[board_modifier.py:64]: Searching for MX74 footprint in C:/Users/Ismael/Desktop/Perso Projects/VesselV3/VesselV3.kicad_pcb
[board_modifier.py:84]: Setting MX74 footprint position: (239312500, 116440000)
[board_modifier.py:64]: Searching for MX75 footprint in C:/Users/Ismael/Desktop/Perso Projects/VesselV3/VesselV3.kicad_pcb
[board_modifier.py:84]: Setting MX75 footprint position: (258362500, 116440000)
[board_modifier.py:64]: Searching for MX76 footprint in C:/Users/Ismael/Desktop/Perso Projects/VesselV3/VesselV3.kicad_pcb
[board_modifier.py:84]: Setting MX76 footprint position: (277412500, 116440000)
[board_modifier.py:64]: Searching for MX77 footprint in C:/Users/Ismael/Desktop/Perso Projects/VesselV3/VesselV3.kicad_pcb
[board_modifier.py:84]: Setting MX77 footprint position: (325037500, 116440000)
[board_modifier.py:64]: Searching for MX78 footprint in C:/Users/Ismael/Desktop/Perso Projects/VesselV3/VesselV3.kicad_pcb
[board_modifier.py:84]: Setting MX78 footprint position: (344087500, 116440000)
[board_modifier.py:64]: Searching for MX79 footprint in C:/Users/Ismael/Desktop/Perso Projects/VesselV3/VesselV3.kicad_pcb
[board_modifier.py:84]: Setting MX79 footprint position: (36906250, 135490000)
[board_modifier.py:64]: Searching for MX80 footprint in C:/Users/Ismael/Desktop/Perso Projects/VesselV3/VesselV3.kicad_pcb
[board_modifier.py:84]: Setting MX80 footprint position: (58337500, 135490000)
[board_modifier.py:64]: Searching for MX81 footprint in C:/Users/Ismael/Desktop/Perso Projects/VesselV3/VesselV3.kicad_pcb
[board_modifier.py:84]: Setting MX81 footprint position: (77387500, 135490000)
[board_modifier.py:64]: Searching for MX82 footprint in C:/Users/Ismael/Desktop/Perso Projects/VesselV3/VesselV3.kicad_pcb
[board_modifier.py:84]: Setting MX82 footprint position: (96437500, 135490000)
[board_modifier.py:64]: Searching for MX83 footprint in C:/Users/Ismael/Desktop/Perso Projects/VesselV3/VesselV3.kicad_pcb
[board_modifier.py:84]: Setting MX83 footprint position: (115487500, 135490000)
[board_modifier.py:64]: Searching for MX84 footprint in C:/Users/Ismael/Desktop/Perso Projects/VesselV3/VesselV3.kicad_pcb
[board_modifier.py:84]: Setting MX84 footprint position: (134537500, 135490000)
[board_modifier.py:64]: Searching for MX85 footprint in C:/Users/Ismael/Desktop/Perso Projects/VesselV3/VesselV3.kicad_pcb
[board_modifier.py:84]: Setting MX85 footprint position: (153587500, 135490000)
[board_modifier.py:64]: Searching for MX86 footprint in C:/Users/Ismael/Desktop/Perso Projects/VesselV3/VesselV3.kicad_pcb
[board_modifier.py:84]: Setting MX86 footprint position: (172637500, 135490000)
[board_modifier.py:64]: Searching for MX87 footprint in C:/Users/Ismael/Desktop/Perso Projects/VesselV3/VesselV3.kicad_pcb
[board_modifier.py:84]: Setting MX87 footprint position: (191687500, 135490000)
[board_modifier.py:64]: Searching for MX88 footprint in C:/Users/Ismael/Desktop/Perso Projects/VesselV3/VesselV3.kicad_pcb
[board_modifier.py:84]: Setting MX88 footprint position: (210737500, 135490000)
[board_modifier.py:64]: Searching for MX89 footprint in C:/Users/Ismael/Desktop/Perso Projects/VesselV3/VesselV3.kicad_pcb
[board_modifier.py:84]: Setting MX89 footprint position: (229787500, 135490000)
[board_modifier.py:64]: Searching for MX90 footprint in C:/Users/Ismael/Desktop/Perso Projects/VesselV3/VesselV3.kicad_pcb
[board_modifier.py:84]: Setting MX90 footprint position: (248837500, 135490000)
[board_modifier.py:64]: Searching for MX91 footprint in C:/Users/Ismael/Desktop/Perso Projects/VesselV3/VesselV3.kicad_pcb
[board_modifier.py:84]: Setting MX91 footprint position: (275031250, 135490000)
[board_modifier.py:64]: Searching for MX92 footprint in C:/Users/Ismael/Desktop/Perso Projects/VesselV3/VesselV3.kicad_pcb
[board_modifier.py:84]: Setting MX92 footprint position: (301225000, 135490000)
[board_modifier.py:64]: Searching for MX93 footprint in C:/Users/Ismael/Desktop/Perso Projects/VesselV3/VesselV3.kicad_pcb
[board_modifier.py:84]: Setting MX93 footprint position: (344087500, 135490000)
[board_modifier.py:64]: Searching for MX94 footprint in C:/Users/Ismael/Desktop/Perso Projects/VesselV3/VesselV3.kicad_pcb
[board_modifier.py:84]: Setting MX94 footprint position: (36906250, 154540000)
[board_modifier.py:64]: Searching for MX95 footprint in C:/Users/Ismael/Desktop/Perso Projects/VesselV3/VesselV3.kicad_pcb
[board_modifier.py:84]: Setting MX95 footprint position: (60718750, 154540000)
[board_modifier.py:64]: Searching for MX96 footprint in C:/Users/Ismael/Desktop/Perso Projects/VesselV3/VesselV3.kicad_pcb
[board_modifier.py:84]: Setting MX96 footprint position: (84531250, 154540000)
[board_modifier.py:64]: Searching for MX97 footprint in C:/Users/Ismael/Desktop/Perso Projects/VesselV3/VesselV3.kicad_pcb
[board_modifier.py:84]: Setting MX97 footprint position: (155968750, 154540000)
[board_modifier.py:64]: Searching for MX98 footprint in C:/Users/Ismael/Desktop/Perso Projects/VesselV3/VesselV3.kicad_pcb
[board_modifier.py:84]: Setting MX98 footprint position: (227406250, 154540000)
[board_modifier.py:64]: Searching for MX99 footprint in C:/Users/Ismael/Desktop/Perso Projects/VesselV3/VesselV3.kicad_pcb
[board_modifier.py:84]: Setting MX99 footprint position: (251218750, 154540000)
[board_modifier.py:64]: Searching for MX100 footprint in C:/Users/Ismael/Desktop/Perso Projects/VesselV3/VesselV3.kicad_pcb
[board_modifier.py:84]: Setting MX100 footprint position: (282175000, 154540000)
[board_modifier.py:64]: Searching for MX101 footprint in C:/Users/Ismael/Desktop/Perso Projects/VesselV3/VesselV3.kicad_pcb
[board_modifier.py:84]: Setting MX101 footprint position: (301225000, 154540000)
[board_modifier.py:64]: Searching for MX102 footprint in C:/Users/Ismael/Desktop/Perso Projects/VesselV3/VesselV3.kicad_pcb
[board_modifier.py:84]: Setting MX102 footprint position: (320275000, 154540000)
[board_modifier.py:97]: Getting MX1 footprint position: (34525000, 34525000)
[board_modifier.py:64]: Searching for D1 footprint in C:/Users/Ismael/Desktop/Perso Projects/VesselV3/VesselV3.kicad_pcb
[board_modifier.py:84]: Setting D1 footprint position: (39605000, 38125000)
[board_modifier.py:64]: Searching for MX_SW_solder1 footprint in C:/Users/Ismael/Desktop/Perso Projects/VesselV3/VesselV3.kicad_pcb
[board_modifier.py:67]: Footprint not found
[board_modifier.py:97]: Getting MX2 footprint position: (53575000, 34525000)
[board_modifier.py:64]: Searching for D2 footprint in C:/Users/Ismael/Desktop/Perso Projects/VesselV3/VesselV3.kicad_pcb
[board_modifier.py:84]: Setting D2 footprint position: (58655000, 38125000)
[board_modifier.py:64]: Searching for MX_SW_solder2 footprint in C:/Users/Ismael/Desktop/Perso Projects/VesselV3/VesselV3.kicad_pcb
[board_modifier.py:67]: Footprint not found
[board_modifier.py:97]: Getting MX3 footprint position: (77387500, 34525000)
[board_modifier.py:64]: Searching for D3 footprint in C:/Users/Ismael/Desktop/Perso Projects/VesselV3/VesselV3.kicad_pcb
[board_modifier.py:84]: Setting D3 footprint position: (82467500, 38125000)
[board_modifier.py:64]: Searching for MX_SW_solder3 footprint in C:/Users/Ismael/Desktop/Perso Projects/VesselV3/VesselV3.kicad_pcb
[board_modifier.py:67]: Footprint not found
[board_modifier.py:97]: Getting MX4 footprint position: (96437500, 34525000)
[board_modifier.py:64]: Searching for D4 footprint in C:/Users/Ismael/Desktop/Perso Projects/VesselV3/VesselV3.kicad_pcb
[board_modifier.py:84]: Setting D4 footprint position: (101517500, 38125000)
[board_modifier.py:64]: Searching for MX_SW_solder4 footprint in C:/Users/Ismael/Desktop/Perso Projects/VesselV3/VesselV3.kicad_pcb
[board_modifier.py:67]: Footprint not found
[board_modifier.py:97]: Getting MX5 footprint position: (120250000, 34525000)
[board_modifier.py:64]: Searching for D5 footprint in C:/Users/Ismael/Desktop/Perso Projects/VesselV3/VesselV3.kicad_pcb
[board_modifier.py:84]: Setting D5 footprint position: (125330000, 38125000)
[board_modifier.py:64]: Searching for MX_SW_solder5 footprint in C:/Users/Ismael/Desktop/Perso Projects/VesselV3/VesselV3.kicad_pcb
[board_modifier.py:67]: Footprint not found
[board_modifier.py:97]: Getting MX6 footprint position: (139300000, 34525000)
[board_modifier.py:64]: Searching for D6 footprint in C:/Users/Ismael/Desktop/Perso Projects/VesselV3/VesselV3.kicad_pcb
[board_modifier.py:84]: Setting D6 footprint position: (144380000, 38125000)
[board_modifier.py:64]: Searching for MX_SW_solder6 footprint in C:/Users/Ismael/Desktop/Perso Projects/VesselV3/VesselV3.kicad_pcb
[board_modifier.py:67]: Footprint not found
[board_modifier.py:97]: Getting MX7 footprint position: (163112500, 34525000)
[board_modifier.py:64]: Searching for D7 footprint in C:/Users/Ismael/Desktop/Perso Projects/VesselV3/VesselV3.kicad_pcb
[board_modifier.py:84]: Setting D7 footprint position: (168192500, 38125000)
[board_modifier.py:64]: Searching for MX_SW_solder7 footprint in C:/Users/Ismael/Desktop/Perso Projects/VesselV3/VesselV3.kicad_pcb
[board_modifier.py:67]: Footprint not found
[board_modifier.py:97]: Getting MX8 footprint position: (182162500, 34525000)
[board_modifier.py:64]: Searching for D8 footprint in C:/Users/Ismael/Desktop/Perso Projects/VesselV3/VesselV3.kicad_pcb
[board_modifier.py:84]: Setting D8 footprint position: (187242500, 38125000)
[board_modifier.py:64]: Searching for MX_SW_solder8 footprint in C:/Users/Ismael/Desktop/Perso Projects/VesselV3/VesselV3.kicad_pcb
[board_modifier.py:67]: Footprint not found
[board_modifier.py:97]: Getting MX9 footprint position: (205975000, 34525000)
[board_modifier.py:64]: Searching for D9 footprint in C:/Users/Ismael/Desktop/Perso Projects/VesselV3/VesselV3.kicad_pcb
[board_modifier.py:84]: Setting D9 footprint position: (211055000, 38125000)
[board_modifier.py:64]: Searching for MX_SW_solder9 footprint in C:/Users/Ismael/Desktop/Perso Projects/VesselV3/VesselV3.kicad_pcb
[board_modifier.py:67]: Footprint not found
[board_modifier.py:97]: Getting MX10 footprint position: (225025000, 34525000)
[board_modifier.py:64]: Searching for D10 footprint in C:/Users/Ismael/Desktop/Perso Projects/VesselV3/VesselV3.kicad_pcb
[board_modifier.py:84]: Setting D10 footprint position: (230105000, 38125000)
[board_modifier.py:64]: Searching for MX_SW_solder10 footprint in C:/Users/Ismael/Desktop/Perso Projects/VesselV3/VesselV3.kicad_pcb
[board_modifier.py:67]: Footprint not found
[board_modifier.py:97]: Getting MX11 footprint position: (248837500, 34525000)
[board_modifier.py:64]: Searching for D11 footprint in C:/Users/Ismael/Desktop/Perso Projects/VesselV3/VesselV3.kicad_pcb
[board_modifier.py:84]: Setting D11 footprint position: (253917500, 38125000)
[board_modifier.py:64]: Searching for MX_SW_solder11 footprint in C:/Users/Ismael/Desktop/Perso Projects/VesselV3/VesselV3.kicad_pcb
[board_modifier.py:67]: Footprint not found
[board_modifier.py:97]: Getting MX12 footprint position: (267887500, 34525000)
[board_modifier.py:64]: Searching for D12 footprint in C:/Users/Ismael/Desktop/Perso Projects/VesselV3/VesselV3.kicad_pcb
[board_modifier.py:84]: Setting D12 footprint position: (272967500, 38125000)
[board_modifier.py:64]: Searching for MX_SW_solder12 footprint in C:/Users/Ismael/Desktop/Perso Projects/VesselV3/VesselV3.kicad_pcb
[board_modifier.py:67]: Footprint not found
[board_modifier.py:97]: Getting MX13 footprint position: (305987500, 34525000)
[board_modifier.py:64]: Searching for D13 footprint in C:/Users/Ismael/Desktop/Perso Projects/VesselV3/VesselV3.kicad_pcb
[board_modifier.py:84]: Setting D13 footprint position: (311067500, 38125000)
[board_modifier.py:64]: Searching for MX_SW_solder13 footprint in C:/Users/Ismael/Desktop/Perso Projects/VesselV3/VesselV3.kicad_pcb
[board_modifier.py:67]: Footprint not found
[board_modifier.py:97]: Getting MX14 footprint position: (325037500, 34525000)
[board_modifier.py:64]: Searching for D14 footprint in C:/Users/Ismael/Desktop/Perso Projects/VesselV3/VesselV3.kicad_pcb
[board_modifier.py:84]: Setting D14 footprint position: (330117500, 38125000)
[board_modifier.py:64]: Searching for MX_SW_solder14 footprint in C:/Users/Ismael/Desktop/Perso Projects/VesselV3/VesselV3.kicad_pcb
[board_modifier.py:67]: Footprint not found
[board_modifier.py:97]: Getting MX15 footprint position: (344087500, 34525000)
[board_modifier.py:64]: Searching for D15 footprint in C:/Users/Ismael/Desktop/Perso Projects/VesselV3/VesselV3.kicad_pcb
[board_modifier.py:84]: Setting D15 footprint position: (349167500, 38125000)
[board_modifier.py:64]: Searching for MX_SW_solder15 footprint in C:/Users/Ismael/Desktop/Perso Projects/VesselV3/VesselV3.kicad_pcb
[board_modifier.py:67]: Footprint not found
[board_modifier.py:97]: Getting MX16 footprint position: (34525000, 56432500)
[board_modifier.py:64]: Searching for D16 footprint in C:/Users/Ismael/Desktop/Perso Projects/VesselV3/VesselV3.kicad_pcb
[board_modifier.py:84]: Setting D16 footprint position: (39605000, 60032500)
[board_modifier.py:64]: Searching for MX_SW_solder16 footprint in C:/Users/Ismael/Desktop/Perso Projects/VesselV3/VesselV3.kicad_pcb
[board_modifier.py:67]: Footprint not found
[board_modifier.py:97]: Getting MX17 footprint position: (63100000, 56432500)
[board_modifier.py:64]: Searching for D17 footprint in C:/Users/Ismael/Desktop/Perso Projects/VesselV3/VesselV3.kicad_pcb
[board_modifier.py:84]: Setting D17 footprint position: (68180000, 60032500)
[board_modifier.py:64]: Searching for MX_SW_solder17 footprint in C:/Users/Ismael/Desktop/Perso Projects/VesselV3/VesselV3.kicad_pcb
[board_modifier.py:67]: Footprint not found
[board_modifier.py:97]: Getting MX18 footprint position: (82150000, 56432500)
[board_modifier.py:64]: Searching for D18 footprint in C:/Users/Ismael/Desktop/Perso Projects/VesselV3/VesselV3.kicad_pcb
[board_modifier.py:84]: Setting D18 footprint position: (87230000, 60032500)
[board_modifier.py:64]: Searching for MX_SW_solder18 footprint in C:/Users/Ismael/Desktop/Perso Projects/VesselV3/VesselV3.kicad_pcb
[board_modifier.py:67]: Footprint not found
[board_modifier.py:97]: Getting MX19 footprint position: (101200000, 56432500)
[board_modifier.py:64]: Searching for D19 footprint in C:/Users/Ismael/Desktop/Perso Projects/VesselV3/VesselV3.kicad_pcb
[board_modifier.py:84]: Setting D19 footprint position: (106280000, 60032500)
[board_modifier.py:64]: Searching for MX_SW_solder19 footprint in C:/Users/Ismael/Desktop/Perso Projects/VesselV3/VesselV3.kicad_pcb
[board_modifier.py:67]: Footprint not found
[board_modifier.py:97]: Getting MX20 footprint position: (120250000, 56432500)
[board_modifier.py:64]: Searching for D20 footprint in C:/Users/Ismael/Desktop/Perso Projects/VesselV3/VesselV3.kicad_pcb
[board_modifier.py:84]: Setting D20 footprint position: (125330000, 60032500)
[board_modifier.py:64]: Searching for MX_SW_solder20 footprint in C:/Users/Ismael/Desktop/Perso Projects/VesselV3/VesselV3.kicad_pcb
[board_modifier.py:67]: Footprint not found
[board_modifier.py:97]: Getting MX21 footprint position: (144062500, 56432500)
[board_modifier.py:64]: Searching for D21 footprint in C:/Users/Ismael/Desktop/Perso Projects/VesselV3/VesselV3.kicad_pcb
[board_modifier.py:84]: Setting D21 footprint position: (149142500, 60032500)
[board_modifier.py:64]: Searching for MX_SW_solder21 footprint in C:/Users/Ismael/Desktop/Perso Projects/VesselV3/VesselV3.kicad_pcb
[board_modifier.py:67]: Footprint not found
[board_modifier.py:97]: Getting MX22 footprint position: (163112500, 56432500)
[board_modifier.py:64]: Searching for D22 footprint in C:/Users/Ismael/Desktop/Perso Projects/VesselV3/VesselV3.kicad_pcb
[board_modifier.py:84]: Setting D22 footprint position: (168192500, 60032500)
[board_modifier.py:64]: Searching for MX_SW_solder22 footprint in C:/Users/Ismael/Desktop/Perso Projects/VesselV3/VesselV3.kicad_pcb
[board_modifier.py:67]: Footprint not found
[board_modifier.py:97]: Getting MX23 footprint position: (182162500, 56432500)
[board_modifier.py:64]: Searching for D23 footprint in C:/Users/Ismael/Desktop/Perso Projects/VesselV3/VesselV3.kicad_pcb
[board_modifier.py:84]: Setting D23 footprint position: (187242500, 60032500)
[board_modifier.py:64]: Searching for MX_SW_solder23 footprint in C:/Users/Ismael/Desktop/Perso Projects/VesselV3/VesselV3.kicad_pcb
[board_modifier.py:67]: Footprint not found
[board_modifier.py:97]: Getting MX24 footprint position: (201212500, 56432500)
[board_modifier.py:64]: Searching for D24 footprint in C:/Users/Ismael/Desktop/Perso Projects/VesselV3/VesselV3.kicad_pcb
[board_modifier.py:84]: Setting D24 footprint position: (206292500, 60032500)
[board_modifier.py:64]: Searching for MX_SW_solder24 footprint in C:/Users/Ismael/Desktop/Perso Projects/VesselV3/VesselV3.kicad_pcb
[board_modifier.py:67]: Footprint not found
[board_modifier.py:97]: Getting MX25 footprint position: (225025000, 56432500)
[board_modifier.py:64]: Searching for D25 footprint in C:/Users/Ismael/Desktop/Perso Projects/VesselV3/VesselV3.kicad_pcb
[board_modifier.py:84]: Setting D25 footprint position: (230105000, 60032500)
[board_modifier.py:64]: Searching for MX_SW_solder25 footprint in C:/Users/Ismael/Desktop/Perso Projects/VesselV3/VesselV3.kicad_pcb
[board_modifier.py:67]: Footprint not found
[board_modifier.py:97]: Getting MX26 footprint position: (244075000, 56432500)
[board_modifier.py:64]: Searching for D26 footprint in C:/Users/Ismael/Desktop/Perso Projects/VesselV3/VesselV3.kicad_pcb
[board_modifier.py:84]: Setting D26 footprint position: (249155000, 60032500)
[board_modifier.py:64]: Searching for MX_SW_solder26 footprint in C:/Users/Ismael/Desktop/Perso Projects/VesselV3/VesselV3.kicad_pcb
[board_modifier.py:67]: Footprint not found
[board_modifier.py:97]: Getting MX27 footprint position: (263125000, 56432500)
[board_modifier.py:64]: Searching for D27 footprint in C:/Users/Ismael/Desktop/Perso Projects/VesselV3/VesselV3.kicad_pcb
[board_modifier.py:84]: Setting D27 footprint position: (268205000, 60032500)
[board_modifier.py:64]: Searching for MX_SW_solder27 footprint in C:/Users/Ismael/Desktop/Perso Projects/VesselV3/VesselV3.kicad_pcb
[board_modifier.py:67]: Footprint not found
[board_modifier.py:97]: Getting MX28 footprint position: (282175000, 56432500)
[board_modifier.py:64]: Searching for D28 footprint in C:/Users/Ismael/Desktop/Perso Projects/VesselV3/VesselV3.kicad_pcb
[board_modifier.py:84]: Setting D28 footprint position: (287255000, 60032500)
[board_modifier.py:64]: Searching for MX_SW_solder28 footprint in C:/Users/Ismael/Desktop/Perso Projects/VesselV3/VesselV3.kicad_pcb
[board_modifier.py:67]: Footprint not found
[board_modifier.py:97]: Getting MX29 footprint position: (305987500, 56432500)
[board_modifier.py:64]: Searching for D29 footprint in C:/Users/Ismael/Desktop/Perso Projects/VesselV3/VesselV3.kicad_pcb
[board_modifier.py:84]: Setting D29 footprint position: (311067500, 60032500)
[board_modifier.py:64]: Searching for MX_SW_solder29 footprint in C:/Users/Ismael/Desktop/Perso Projects/VesselV3/VesselV3.kicad_pcb
[board_modifier.py:67]: Footprint not found
[board_modifier.py:97]: Getting MX30 footprint position: (325037500, 56432500)
[board_modifier.py:64]: Searching for D30 footprint in C:/Users/Ismael/Desktop/Perso Projects/VesselV3/VesselV3.kicad_pcb
[board_modifier.py:84]: Setting D30 footprint position: (330117500, 60032500)
[board_modifier.py:64]: Searching for MX_SW_solder30 footprint in C:/Users/Ismael/Desktop/Perso Projects/VesselV3/VesselV3.kicad_pcb
[board_modifier.py:67]: Footprint not found
[board_modifier.py:97]: Getting MX31 footprint position: (344087500, 56432500)
[board_modifier.py:64]: Searching for D31 footprint in C:/Users/Ismael/Desktop/Perso Projects/VesselV3/VesselV3.kicad_pcb
[board_modifier.py:84]: Setting D31 footprint position: (349167500, 60032500)
[board_modifier.py:64]: Searching for MX_SW_solder31 footprint in C:/Users/Ismael/Desktop/Perso Projects/VesselV3/VesselV3.kicad_pcb
[board_modifier.py:67]: Footprint not found
[board_modifier.py:97]: Getting MX32 footprint position: (34525000, 78340000)
[board_modifier.py:64]: Searching for D32 footprint in C:/Users/Ismael/Desktop/Perso Projects/VesselV3/VesselV3.kicad_pcb
[board_modifier.py:84]: Setting D32 footprint position: (39605000, 81940000)
[board_modifier.py:64]: Searching for MX_SW_solder32 footprint in C:/Users/Ismael/Desktop/Perso Projects/VesselV3/VesselV3.kicad_pcb
[board_modifier.py:67]: Footprint not found
[board_modifier.py:97]: Getting MX33 footprint position: (53575000, 78340000)
[board_modifier.py:64]: Searching for D33 footprint in C:/Users/Ismael/Desktop/Perso Projects/VesselV3/VesselV3.kicad_pcb
[board_modifier.py:84]: Setting D33 footprint position: (58655000, 81940000)
[board_modifier.py:64]: Searching for MX_SW_solder33 footprint in C:/Users/Ismael/Desktop/Perso Projects/VesselV3/VesselV3.kicad_pcb
[board_modifier.py:67]: Footprint not found
[board_modifier.py:97]: Getting MX34 footprint position: (72625000, 78340000)
[board_modifier.py:64]: Searching for D34 footprint in C:/Users/Ismael/Desktop/Perso Projects/VesselV3/VesselV3.kicad_pcb
[board_modifier.py:84]: Setting D34 footprint position: (77705000, 81940000)
[board_modifier.py:64]: Searching for MX_SW_solder34 footprint in C:/Users/Ismael/Desktop/Perso Projects/VesselV3/VesselV3.kicad_pcb
[board_modifier.py:67]: Footprint not found
[board_modifier.py:97]: Getting MX35 footprint position: (91675000, 78340000)
[board_modifier.py:64]: Searching for D35 footprint in C:/Users/Ismael/Desktop/Perso Projects/VesselV3/VesselV3.kicad_pcb
[board_modifier.py:84]: Setting D35 footprint position: (96755000, 81940000)
[board_modifier.py:64]: Searching for MX_SW_solder35 footprint in C:/Users/Ismael/Desktop/Perso Projects/VesselV3/VesselV3.kicad_pcb
[board_modifier.py:67]: Footprint not found
[board_modifier.py:97]: Getting MX36 footprint position: (110725000, 78340000)
[board_modifier.py:64]: Searching for D36 footprint in C:/Users/Ismael/Desktop/Perso Projects/VesselV3/VesselV3.kicad_pcb
[board_modifier.py:84]: Setting D36 footprint position: (115805000, 81940000)
[board_modifier.py:64]: Searching for MX_SW_solder36 footprint in C:/Users/Ismael/Desktop/Perso Projects/VesselV3/VesselV3.kicad_pcb
[board_modifier.py:67]: Footprint not found
[board_modifier.py:97]: Getting MX37 footprint position: (129775000, 78340000)
[board_modifier.py:64]: Searching for D37 footprint in C:/Users/Ismael/Desktop/Perso Projects/VesselV3/VesselV3.kicad_pcb
[board_modifier.py:84]: Setting D37 footprint position: (134855000, 81940000)
[board_modifier.py:64]: Searching for MX_SW_solder37 footprint in C:/Users/Ismael/Desktop/Perso Projects/VesselV3/VesselV3.kicad_pcb
[board_modifier.py:67]: Footprint not found
[board_modifier.py:97]: Getting MX38 footprint position: (148825000, 78340000)
[board_modifier.py:64]: Searching for D38 footprint in C:/Users/Ismael/Desktop/Perso Projects/VesselV3/VesselV3.kicad_pcb
[board_modifier.py:84]: Setting D38 footprint position: (153905000, 81940000)
[board_modifier.py:64]: Searching for MX_SW_solder38 footprint in C:/Users/Ismael/Desktop/Perso Projects/VesselV3/VesselV3.kicad_pcb
[board_modifier.py:67]: Footprint not found
[board_modifier.py:97]: Getting MX39 footprint position: (167875000, 78340000)
[board_modifier.py:64]: Searching for D39 footprint in C:/Users/Ismael/Desktop/Perso Projects/VesselV3/VesselV3.kicad_pcb
[board_modifier.py:84]: Setting D39 footprint position: (172955000, 81940000)
[board_modifier.py:64]: Searching for MX_SW_solder39 footprint in C:/Users/Ismael/Desktop/Perso Projects/VesselV3/VesselV3.kicad_pcb
[board_modifier.py:67]: Footprint not found
[board_modifier.py:97]: Getting MX40 footprint position: (186925000, 78340000)
[board_modifier.py:64]: Searching for D40 footprint in C:/Users/Ismael/Desktop/Perso Projects/VesselV3/VesselV3.kicad_pcb
[board_modifier.py:84]: Setting D40 footprint position: (192005000, 81940000)
[board_modifier.py:64]: Searching for MX_SW_solder40 footprint in C:/Users/Ismael/Desktop/Perso Projects/VesselV3/VesselV3.kicad_pcb
[board_modifier.py:67]: Footprint not found
[board_modifier.py:97]: Getting MX41 footprint position: (205975000, 78340000)
[board_modifier.py:64]: Searching for D41 footprint in C:/Users/Ismael/Desktop/Perso Projects/VesselV3/VesselV3.kicad_pcb
[board_modifier.py:84]: Setting D41 footprint position: (211055000, 81940000)
[board_modifier.py:64]: Searching for MX_SW_solder41 footprint in C:/Users/Ismael/Desktop/Perso Projects/VesselV3/VesselV3.kicad_pcb
[board_modifier.py:67]: Footprint not found
[board_modifier.py:97]: Getting MX42 footprint position: (225025000, 78340000)
[board_modifier.py:64]: Searching for D42 footprint in C:/Users/Ismael/Desktop/Perso Projects/VesselV3/VesselV3.kicad_pcb
[board_modifier.py:84]: Setting D42 footprint position: (230105000, 81940000)
[board_modifier.py:64]: Searching for MX_SW_solder42 footprint in C:/Users/Ismael/Desktop/Perso Projects/VesselV3/VesselV3.kicad_pcb
[board_modifier.py:67]: Footprint not found
[board_modifier.py:97]: Getting MX43 footprint position: (244075000, 78340000)
[board_modifier.py:64]: Searching for D43 footprint in C:/Users/Ismael/Desktop/Perso Projects/VesselV3/VesselV3.kicad_pcb
[board_modifier.py:84]: Setting D43 footprint position: (249155000, 81940000)
[board_modifier.py:64]: Searching for MX_SW_solder43 footprint in C:/Users/Ismael/Desktop/Perso Projects/VesselV3/VesselV3.kicad_pcb
[board_modifier.py:67]: Footprint not found
[board_modifier.py:97]: Getting MX44 footprint position: (263125000, 78340000)
[board_modifier.py:64]: Searching for D44 footprint in C:/Users/Ismael/Desktop/Perso Projects/VesselV3/VesselV3.kicad_pcb
[board_modifier.py:84]: Setting D44 footprint position: (268205000, 81940000)
[board_modifier.py:64]: Searching for MX_SW_solder44 footprint in C:/Users/Ismael/Desktop/Perso Projects/VesselV3/VesselV3.kicad_pcb
[board_modifier.py:67]: Footprint not found
[board_modifier.py:97]: Getting MX45 footprint position: (291700000, 78340000)
[board_modifier.py:64]: Searching for D45 footprint in C:/Users/Ismael/Desktop/Perso Projects/VesselV3/VesselV3.kicad_pcb
[board_modifier.py:84]: Setting D45 footprint position: (296780000, 81940000)
[board_modifier.py:64]: Searching for MX_SW_solder45 footprint in C:/Users/Ismael/Desktop/Perso Projects/VesselV3/VesselV3.kicad_pcb
[board_modifier.py:67]: Footprint not found
[board_modifier.py:97]: Getting MX46 footprint position: (325037500, 78340000)
[board_modifier.py:64]: Searching for D46 footprint in C:/Users/Ismael/Desktop/Perso Projects/VesselV3/VesselV3.kicad_pcb
[board_modifier.py:84]: Setting D46 footprint position: (330117500, 81940000)
[board_modifier.py:64]: Searching for MX_SW_solder46 footprint in C:/Users/Ismael/Desktop/Perso Projects/VesselV3/VesselV3.kicad_pcb
[board_modifier.py:67]: Footprint not found
[board_modifier.py:97]: Getting MX47 footprint position: (344087500, 78340000)
[board_modifier.py:64]: Searching for D47 footprint in C:/Users/Ismael/Desktop/Perso Projects/VesselV3/VesselV3.kicad_pcb
[board_modifier.py:84]: Setting D47 footprint position: (349167500, 81940000)
[board_modifier.py:64]: Searching for MX_SW_solder47 footprint in C:/Users/Ismael/Desktop/Perso Projects/VesselV3/VesselV3.kicad_pcb
[board_modifier.py:67]: Footprint not found
[board_modifier.py:97]: Getting MX48 footprint position: (39287500, 97390000)
[board_modifier.py:64]: Searching for D48 footprint in C:/Users/Ismael/Desktop/Perso Projects/VesselV3/VesselV3.kicad_pcb
[board_modifier.py:84]: Setting D48 footprint position: (44367500, 100990000)
[board_modifier.py:64]: Searching for MX_SW_solder48 footprint in C:/Users/Ismael/Desktop/Perso Projects/VesselV3/VesselV3.kicad_pcb
[board_modifier.py:67]: Footprint not found
[board_modifier.py:97]: Getting MX49 footprint position: (63100000, 97390000)
[board_modifier.py:64]: Searching for D49 footprint in C:/Users/Ismael/Desktop/Perso Projects/VesselV3/VesselV3.kicad_pcb
[board_modifier.py:84]: Setting D49 footprint position: (68180000, 100990000)
[board_modifier.py:64]: Searching for MX_SW_solder49 footprint in C:/Users/Ismael/Desktop/Perso Projects/VesselV3/VesselV3.kicad_pcb
[board_modifier.py:67]: Footprint not found
[board_modifier.py:97]: Getting MX50 footprint position: (82150000, 97390000)
[board_modifier.py:64]: Searching for D50 footprint in C:/Users/Ismael/Desktop/Perso Projects/VesselV3/VesselV3.kicad_pcb
[board_modifier.py:84]: Setting D50 footprint position: (87230000, 100990000)
[board_modifier.py:64]: Searching for MX_SW_solder50 footprint in C:/Users/Ismael/Desktop/Perso Projects/VesselV3/VesselV3.kicad_pcb
[board_modifier.py:67]: Footprint not found
[board_modifier.py:97]: Getting MX51 footprint position: (101200000, 97390000)
[board_modifier.py:64]: Searching for D51 footprint in C:/Users/Ismael/Desktop/Perso Projects/VesselV3/VesselV3.kicad_pcb
[board_modifier.py:84]: Setting D51 footprint position: (106280000, 100990000)
[board_modifier.py:64]: Searching for MX_SW_solder51 footprint in C:/Users/Ismael/Desktop/Perso Projects/VesselV3/VesselV3.kicad_pcb
[board_modifier.py:67]: Footprint not found
[board_modifier.py:97]: Getting MX52 footprint position: (120250000, 97390000)
[board_modifier.py:64]: Searching for D52 footprint in C:/Users/Ismael/Desktop/Perso Projects/VesselV3/VesselV3.kicad_pcb
[board_modifier.py:84]: Setting D52 footprint position: (125330000, 100990000)
[board_modifier.py:64]: Searching for MX_SW_solder52 footprint in C:/Users/Ismael/Desktop/Perso Projects/VesselV3/VesselV3.kicad_pcb
[board_modifier.py:67]: Footprint not found
[board_modifier.py:97]: Getting MX53 footprint position: (139300000, 97390000)
[board_modifier.py:64]: Searching for D53 footprint in C:/Users/Ismael/Desktop/Perso Projects/VesselV3/VesselV3.kicad_pcb
[board_modifier.py:84]: Setting D53 footprint position: (144380000, 100990000)
[board_modifier.py:64]: Searching for MX_SW_solder53 footprint in C:/Users/Ismael/Desktop/Perso Projects/VesselV3/VesselV3.kicad_pcb
[board_modifier.py:67]: Footprint not found
[board_modifier.py:97]: Getting MX54 footprint position: (158350000, 97390000)
[board_modifier.py:64]: Searching for D54 footprint in C:/Users/Ismael/Desktop/Perso Projects/VesselV3/VesselV3.kicad_pcb
[board_modifier.py:84]: Setting D54 footprint position: (163430000, 100990000)
[board_modifier.py:64]: Searching for MX_SW_solder54 footprint in C:/Users/Ismael/Desktop/Perso Projects/VesselV3/VesselV3.kicad_pcb
[board_modifier.py:67]: Footprint not found
[board_modifier.py:97]: Getting MX55 footprint position: (177400000, 97390000)
[board_modifier.py:64]: Searching for D55 footprint in C:/Users/Ismael/Desktop/Perso Projects/VesselV3/VesselV3.kicad_pcb
[board_modifier.py:84]: Setting D55 footprint position: (182480000, 100990000)
[board_modifier.py:64]: Searching for MX_SW_solder55 footprint in C:/Users/Ismael/Desktop/Perso Projects/VesselV3/VesselV3.kicad_pcb
[board_modifier.py:67]: Footprint not found
[board_modifier.py:97]: Getting MX56 footprint position: (196450000, 97390000)
[board_modifier.py:64]: Searching for D56 footprint in C:/Users/Ismael/Desktop/Perso Projects/VesselV3/VesselV3.kicad_pcb
[board_modifier.py:84]: Setting D56 footprint position: (201530000, 100990000)
[board_modifier.py:64]: Searching for MX_SW_solder56 footprint in C:/Users/Ismael/Desktop/Perso Projects/VesselV3/VesselV3.kicad_pcb
[board_modifier.py:67]: Footprint not found
[board_modifier.py:97]: Getting MX57 footprint position: (215500000, 97390000)
[board_modifier.py:64]: Searching for D57 footprint in C:/Users/Ismael/Desktop/Perso Projects/VesselV3/VesselV3.kicad_pcb
[board_modifier.py:84]: Setting D57 footprint position: (220580000, 100990000)
[board_modifier.py:64]: Searching for MX_SW_solder57 footprint in C:/Users/Ismael/Desktop/Perso Projects/VesselV3/VesselV3.kicad_pcb
[board_modifier.py:67]: Footprint not found
[board_modifier.py:97]: Getting MX58 footprint position: (234550000, 97390000)
[board_modifier.py:64]: Searching for D58 footprint in C:/Users/Ismael/Desktop/Perso Projects/VesselV3/VesselV3.kicad_pcb
[board_modifier.py:84]: Setting D58 footprint position: (239630000, 100990000)
[board_modifier.py:64]: Searching for MX_SW_solder58 footprint in C:/Users/Ismael/Desktop/Perso Projects/VesselV3/VesselV3.kicad_pcb
[board_modifier.py:67]: Footprint not found
[board_modifier.py:97]: Getting MX59 footprint position: (253600000, 97390000)
[board_modifier.py:64]: Searching for D59 footprint in C:/Users/Ismael/Desktop/Perso Projects/VesselV3/VesselV3.kicad_pcb
[board_modifier.py:84]: Setting D59 footprint position: (258680000, 100990000)
[board_modifier.py:64]: Searching for MX_SW_solder59 footprint in C:/Users/Ismael/Desktop/Perso Projects/VesselV3/VesselV3.kicad_pcb
[board_modifier.py:67]: Footprint not found
[board_modifier.py:97]: Getting MX60 footprint position: (272650000, 97390000)
[board_modifier.py:64]: Searching for D60 footprint in C:/Users/Ismael/Desktop/Perso Projects/VesselV3/VesselV3.kicad_pcb
[board_modifier.py:84]: Setting D60 footprint position: (277730000, 100990000)
[board_modifier.py:64]: Searching for MX_SW_solder60 footprint in C:/Users/Ismael/Desktop/Perso Projects/VesselV3/VesselV3.kicad_pcb
[board_modifier.py:67]: Footprint not found
[board_modifier.py:97]: Getting MX61 footprint position: (298843750, 106915000)
[board_modifier.py:64]: Searching for D61 footprint in C:/Users/Ismael/Desktop/Perso Projects/VesselV3/VesselV3.kicad_pcb
[board_modifier.py:84]: Setting D61 footprint position: (303923750, 110515000)
[board_modifier.py:64]: Searching for MX_SW_solder61 footprint in C:/Users/Ismael/Desktop/Perso Projects/VesselV3/VesselV3.kicad_pcb
[board_modifier.py:67]: Footprint not found
[board_modifier.py:97]: Getting MX62 footprint position: (325037500, 97390000)
[board_modifier.py:64]: Searching for D62 footprint in C:/Users/Ismael/Desktop/Perso Projects/VesselV3/VesselV3.kicad_pcb
[board_modifier.py:84]: Setting D62 footprint position: (330117500, 100990000)
[board_modifier.py:64]: Searching for MX_SW_solder62 footprint in C:/Users/Ismael/Desktop/Perso Projects/VesselV3/VesselV3.kicad_pcb
[board_modifier.py:67]: Footprint not found
[board_modifier.py:97]: Getting MX63 footprint position: (344087500, 97390000)
[board_modifier.py:64]: Searching for D63 footprint in C:/Users/Ismael/Desktop/Perso Projects/VesselV3/VesselV3.kicad_pcb
[board_modifier.py:84]: Setting D63 footprint position: (349167500, 100990000)
[board_modifier.py:64]: Searching for MX_SW_solder63 footprint in C:/Users/Ismael/Desktop/Perso Projects/VesselV3/VesselV3.kicad_pcb
[board_modifier.py:67]: Footprint not found
[board_modifier.py:97]: Getting MX64 footprint position: (41668750, 116440000)
[board_modifier.py:64]: Searching for D64 footprint in C:/Users/Ismael/Desktop/Perso Projects/VesselV3/VesselV3.kicad_pcb
[board_modifier.py:84]: Setting D64 footprint position: (46748750, 120040000)
[board_modifier.py:64]: Searching for MX_SW_solder64 footprint in C:/Users/Ismael/Desktop/Perso Projects/VesselV3/VesselV3.kicad_pcb
[board_modifier.py:67]: Footprint not found
[board_modifier.py:97]: Getting MX65 footprint position: (67862500, 116440000)
[board_modifier.py:64]: Searching for D65 footprint in C:/Users/Ismael/Desktop/Perso Projects/VesselV3/VesselV3.kicad_pcb
[board_modifier.py:84]: Setting D65 footprint position: (72942500, 120040000)
[board_modifier.py:64]: Searching for MX_SW_solder65 footprint in C:/Users/Ismael/Desktop/Perso Projects/VesselV3/VesselV3.kicad_pcb
[board_modifier.py:67]: Footprint not found
[board_modifier.py:97]: Getting MX66 footprint position: (86912500, 116440000)
[board_modifier.py:64]: Searching for D66 footprint in C:/Users/Ismael/Desktop/Perso Projects/VesselV3/VesselV3.kicad_pcb
[board_modifier.py:84]: Setting D66 footprint position: (91992500, 120040000)
[board_modifier.py:64]: Searching for MX_SW_solder66 footprint in C:/Users/Ismael/Desktop/Perso Projects/VesselV3/VesselV3.kicad_pcb
[board_modifier.py:67]: Footprint not found
[board_modifier.py:97]: Getting MX67 footprint position: (105962500, 116440000)
[board_modifier.py:64]: Searching for D67 footprint in C:/Users/Ismael/Desktop/Perso Projects/VesselV3/VesselV3.kicad_pcb
[board_modifier.py:84]: Setting D67 footprint position: (111042500, 120040000)
[board_modifier.py:64]: Searching for MX_SW_solder67 footprint in C:/Users/Ismael/Desktop/Perso Projects/VesselV3/VesselV3.kicad_pcb
[board_modifier.py:67]: Footprint not found
[board_modifier.py:97]: Getting MX68 footprint position: (125012500, 116440000)
[board_modifier.py:64]: Searching for D68 footprint in C:/Users/Ismael/Desktop/Perso Projects/VesselV3/VesselV3.kicad_pcb
[board_modifier.py:84]: Setting D68 footprint position: (130092500, 120040000)
[board_modifier.py:64]: Searching for MX_SW_solder68 footprint in C:/Users/Ismael/Desktop/Perso Projects/VesselV3/VesselV3.kicad_pcb
[board_modifier.py:67]: Footprint not found
[board_modifier.py:97]: Getting MX69 footprint position: (144062500, 116440000)
[board_modifier.py:64]: Searching for D69 footprint in C:/Users/Ismael/Desktop/Perso Projects/VesselV3/VesselV3.kicad_pcb
[board_modifier.py:84]: Setting D69 footprint position: (149142500, 120040000)
[board_modifier.py:64]: Searching for MX_SW_solder69 footprint in C:/Users/Ismael/Desktop/Perso Projects/VesselV3/VesselV3.kicad_pcb
[board_modifier.py:67]: Footprint not found
[board_modifier.py:97]: Getting MX70 footprint position: (163112500, 116440000)
[board_modifier.py:64]: Searching for D70 footprint in C:/Users/Ismael/Desktop/Perso Projects/VesselV3/VesselV3.kicad_pcb
[board_modifier.py:84]: Setting D70 footprint position: (168192500, 120040000)
[board_modifier.py:64]: Searching for MX_SW_solder70 footprint in C:/Users/Ismael/Desktop/Perso Projects/VesselV3/VesselV3.kicad_pcb
[board_modifier.py:67]: Footprint not found
[board_modifier.py:97]: Getting MX71 footprint position: (182162500, 116440000)
[board_modifier.py:64]: Searching for D71 footprint in C:/Users/Ismael/Desktop/Perso Projects/VesselV3/VesselV3.kicad_pcb
[board_modifier.py:84]: Setting D71 footprint position: (187242500, 120040000)
[board_modifier.py:64]: Searching for MX_SW_solder71 footprint in C:/Users/Ismael/Desktop/Perso Projects/VesselV3/VesselV3.kicad_pcb
[board_modifier.py:67]: Footprint not found
[board_modifier.py:97]: Getting MX72 footprint position: (201212500, 116440000)
[board_modifier.py:64]: Searching for D72 footprint in C:/Users/Ismael/Desktop/Perso Projects/VesselV3/VesselV3.kicad_pcb
[board_modifier.py:84]: Setting D72 footprint position: (206292500, 120040000)
[board_modifier.py:64]: Searching for MX_SW_solder72 footprint in C:/Users/Ismael/Desktop/Perso Projects/VesselV3/VesselV3.kicad_pcb
[board_modifier.py:67]: Footprint not found
[board_modifier.py:97]: Getting MX73 footprint position: (220262500, 116440000)
[board_modifier.py:64]: Searching for D73 footprint in C:/Users/Ismael/Desktop/Perso Projects/VesselV3/VesselV3.kicad_pcb
[board_modifier.py:84]: Setting D73 footprint position: (225342500, 120040000)
[board_modifier.py:64]: Searching for MX_SW_solder73 footprint in C:/Users/Ismael/Desktop/Perso Projects/VesselV3/VesselV3.kicad_pcb
[board_modifier.py:67]: Footprint not found
[board_modifier.py:97]: Getting MX74 footprint position: (239312500, 116440000)
[board_modifier.py:64]: Searching for D74 footprint in C:/Users/Ismael/Desktop/Perso Projects/VesselV3/VesselV3.kicad_pcb
[board_modifier.py:84]: Setting D74 footprint position: (244392500, 120040000)
[board_modifier.py:64]: Searching for MX_SW_solder74 footprint in C:/Users/Ismael/Desktop/Perso Projects/VesselV3/VesselV3.kicad_pcb
[board_modifier.py:67]: Footprint not found
[board_modifier.py:97]: Getting MX75 footprint position: (258362500, 116440000)
[board_modifier.py:64]: Searching for D75 footprint in C:/Users/Ismael/Desktop/Perso Projects/VesselV3/VesselV3.kicad_pcb
[board_modifier.py:84]: Setting D75 footprint position: (263442500, 120040000)
[board_modifier.py:64]: Searching for MX_SW_solder75 footprint in C:/Users/Ismael/Desktop/Perso Projects/VesselV3/VesselV3.kicad_pcb
[board_modifier.py:67]: Footprint not found
[board_modifier.py:97]: Getting MX76 footprint position: (277412500, 116440000)
[board_modifier.py:64]: Searching for D76 footprint in C:/Users/Ismael/Desktop/Perso Projects/VesselV3/VesselV3.kicad_pcb
[board_modifier.py:84]: Setting D76 footprint position: (282492500, 120040000)
[board_modifier.py:64]: Searching for MX_SW_solder76 footprint in C:/Users/Ismael/Desktop/Perso Projects/VesselV3/VesselV3.kicad_pcb
[board_modifier.py:67]: Footprint not found
[board_modifier.py:97]: Getting MX77 footprint position: (325037500, 116440000)
[board_modifier.py:64]: Searching for D77 footprint in C:/Users/Ismael/Desktop/Perso Projects/VesselV3/VesselV3.kicad_pcb
[board_modifier.py:84]: Setting D77 footprint position: (330117500, 120040000)
[board_modifier.py:64]: Searching for MX_SW_solder77 footprint in C:/Users/Ismael/Desktop/Perso Projects/VesselV3/VesselV3.kicad_pcb
[board_modifier.py:67]: Footprint not found
[board_modifier.py:97]: Getting MX78 footprint position: (344087500, 116440000)
[board_modifier.py:64]: Searching for D78 footprint in C:/Users/Ismael/Desktop/Perso Projects/VesselV3/VesselV3.kicad_pcb
[board_modifier.py:84]: Setting D78 footprint position: (349167500, 120040000)
[board_modifier.py:64]: Searching for MX_SW_solder78 footprint in C:/Users/Ismael/Desktop/Perso Projects/VesselV3/VesselV3.kicad_pcb
[board_modifier.py:67]: Footprint not found
[board_modifier.py:97]: Getting MX79 footprint position: (36906250, 135490000)
[board_modifier.py:64]: Searching for D79 footprint in C:/Users/Ismael/Desktop/Perso Projects/VesselV3/VesselV3.kicad_pcb
[board_modifier.py:84]: Setting D79 footprint position: (41986250, 139090000)
[board_modifier.py:64]: Searching for MX_SW_solder79 footprint in C:/Users/Ismael/Desktop/Perso Projects/VesselV3/VesselV3.kicad_pcb
[board_modifier.py:67]: Footprint not found
[board_modifier.py:97]: Getting MX80 footprint position: (58337500, 135490000)
[board_modifier.py:64]: Searching for D80 footprint in C:/Users/Ismael/Desktop/Perso Projects/VesselV3/VesselV3.kicad_pcb
[board_modifier.py:84]: Setting D80 footprint position: (63417500, 139090000)
[board_modifier.py:64]: Searching for MX_SW_solder80 footprint in C:/Users/Ismael/Desktop/Perso Projects/VesselV3/VesselV3.kicad_pcb
[board_modifier.py:67]: Footprint not found
[board_modifier.py:97]: Getting MX81 footprint position: (77387500, 135490000)
[board_modifier.py:64]: Searching for D81 footprint in C:/Users/Ismael/Desktop/Perso Projects/VesselV3/VesselV3.kicad_pcb
[board_modifier.py:84]: Setting D81 footprint position: (82467500, 139090000)
[board_modifier.py:64]: Searching for MX_SW_solder81 footprint in C:/Users/Ismael/Desktop/Perso Projects/VesselV3/VesselV3.kicad_pcb
[board_modifier.py:67]: Footprint not found
[board_modifier.py:97]: Getting MX82 footprint position: (96437500, 135490000)
[board_modifier.py:64]: Searching for D82 footprint in C:/Users/Ismael/Desktop/Perso Projects/VesselV3/VesselV3.kicad_pcb
[board_modifier.py:84]: Setting D82 footprint position: (101517500, 139090000)
[board_modifier.py:64]: Searching for MX_SW_solder82 footprint in C:/Users/Ismael/Desktop/Perso Projects/VesselV3/VesselV3.kicad_pcb
[board_modifier.py:67]: Footprint not found
[board_modifier.py:97]: Getting MX83 footprint position: (115487500, 135490000)
[board_modifier.py:64]: Searching for D83 footprint in C:/Users/Ismael/Desktop/Perso Projects/VesselV3/VesselV3.kicad_pcb
[board_modifier.py:84]: Setting D83 footprint position: (120567500, 139090000)
[board_modifier.py:64]: Searching for MX_SW_solder83 footprint in C:/Users/Ismael/Desktop/Perso Projects/VesselV3/VesselV3.kicad_pcb
[board_modifier.py:67]: Footprint not found
[board_modifier.py:97]: Getting MX84 footprint position: (134537500, 135490000)
[board_modifier.py:64]: Searching for D84 footprint in C:/Users/Ismael/Desktop/Perso Projects/VesselV3/VesselV3.kicad_pcb
[board_modifier.py:84]: Setting D84 footprint position: (139617500, 139090000)
[board_modifier.py:64]: Searching for MX_SW_solder84 footprint in C:/Users/Ismael/Desktop/Perso Projects/VesselV3/VesselV3.kicad_pcb
[board_modifier.py:67]: Footprint not found
[board_modifier.py:97]: Getting MX85 footprint position: (153587500, 135490000)
[board_modifier.py:64]: Searching for D85 footprint in C:/Users/Ismael/Desktop/Perso Projects/VesselV3/VesselV3.kicad_pcb
[board_modifier.py:84]: Setting D85 footprint position: (158667500, 139090000)
[board_modifier.py:64]: Searching for MX_SW_solder85 footprint in C:/Users/Ismael/Desktop/Perso Projects/VesselV3/VesselV3.kicad_pcb
[board_modifier.py:67]: Footprint not found
[board_modifier.py:97]: Getting MX86 footprint position: (172637500, 135490000)
[board_modifier.py:64]: Searching for D86 footprint in C:/Users/Ismael/Desktop/Perso Projects/VesselV3/VesselV3.kicad_pcb
[board_modifier.py:84]: Setting D86 footprint position: (177717500, 139090000)
[board_modifier.py:64]: Searching for MX_SW_solder86 footprint in C:/Users/Ismael/Desktop/Perso Projects/VesselV3/VesselV3.kicad_pcb
[board_modifier.py:67]: Footprint not found
[board_modifier.py:97]: Getting MX87 footprint position: (191687500, 135490000)
[board_modifier.py:64]: Searching for D87 footprint in C:/Users/Ismael/Desktop/Perso Projects/VesselV3/VesselV3.kicad_pcb
[board_modifier.py:84]: Setting D87 footprint position: (196767500, 139090000)
[board_modifier.py:64]: Searching for MX_SW_solder87 footprint in C:/Users/Ismael/Desktop/Perso Projects/VesselV3/VesselV3.kicad_pcb
[board_modifier.py:67]: Footprint not found
[board_modifier.py:97]: Getting MX88 footprint position: (210737500, 135490000)
[board_modifier.py:64]: Searching for D88 footprint in C:/Users/Ismael/Desktop/Perso Projects/VesselV3/VesselV3.kicad_pcb
[board_modifier.py:84]: Setting D88 footprint position: (215817500, 139090000)
[board_modifier.py:64]: Searching for MX_SW_solder88 footprint in C:/Users/Ismael/Desktop/Perso Projects/VesselV3/VesselV3.kicad_pcb
[board_modifier.py:67]: Footprint not found
[board_modifier.py:97]: Getting MX89 footprint position: (229787500, 135490000)
[board_modifier.py:64]: Searching for D89 footprint in C:/Users/Ismael/Desktop/Perso Projects/VesselV3/VesselV3.kicad_pcb
[board_modifier.py:84]: Setting D89 footprint position: (234867500, 139090000)
[board_modifier.py:64]: Searching for MX_SW_solder89 footprint in C:/Users/Ismael/Desktop/Perso Projects/VesselV3/VesselV3.kicad_pcb
[board_modifier.py:67]: Footprint not found
[board_modifier.py:97]: Getting MX90 footprint position: (248837500, 135490000)
[board_modifier.py:64]: Searching for D90 footprint in C:/Users/Ismael/Desktop/Perso Projects/VesselV3/VesselV3.kicad_pcb
[board_modifier.py:84]: Setting D90 footprint position: (253917500, 139090000)
[board_modifier.py:64]: Searching for MX_SW_solder90 footprint in C:/Users/Ismael/Desktop/Perso Projects/VesselV3/VesselV3.kicad_pcb
[board_modifier.py:67]: Footprint not found
[board_modifier.py:97]: Getting MX91 footprint position: (275031250, 135490000)
[board_modifier.py:64]: Searching for D91 footprint in C:/Users/Ismael/Desktop/Perso Projects/VesselV3/VesselV3.kicad_pcb
[board_modifier.py:84]: Setting D91 footprint position: (280111250, 139090000)
[board_modifier.py:64]: Searching for MX_SW_solder91 footprint in C:/Users/Ismael/Desktop/Perso Projects/VesselV3/VesselV3.kicad_pcb
[board_modifier.py:67]: Footprint not found
[board_modifier.py:97]: Getting MX92 footprint position: (301225000, 135490000)
[board_modifier.py:64]: Searching for D92 footprint in C:/Users/Ismael/Desktop/Perso Projects/VesselV3/VesselV3.kicad_pcb
[board_modifier.py:84]: Setting D92 footprint position: (306305000, 139090000)
[board_modifier.py:64]: Searching for MX_SW_solder92 footprint in C:/Users/Ismael/Desktop/Perso Projects/VesselV3/VesselV3.kicad_pcb
[board_modifier.py:67]: Footprint not found
[board_modifier.py:97]: Getting MX93 footprint position: (344087500, 135490000)
[board_modifier.py:64]: Searching for D93 footprint in C:/Users/Ismael/Desktop/Perso Projects/VesselV3/VesselV3.kicad_pcb
[board_modifier.py:84]: Setting D93 footprint position: (349167500, 139090000)
[board_modifier.py:64]: Searching for MX_SW_solder93 footprint in C:/Users/Ismael/Desktop/Perso Projects/VesselV3/VesselV3.kicad_pcb
[board_modifier.py:67]: Footprint not found
[board_modifier.py:97]: Getting MX94 footprint position: (36906250, 154540000)
[board_modifier.py:64]: Searching for D94 footprint in C:/Users/Ismael/Desktop/Perso Projects/VesselV3/VesselV3.kicad_pcb
[board_modifier.py:84]: Setting D94 footprint position: (41986250, 158140000)
[board_modifier.py:64]: Searching for MX_SW_solder94 footprint in C:/Users/Ismael/Desktop/Perso Projects/VesselV3/VesselV3.kicad_pcb
[board_modifier.py:67]: Footprint not found
[board_modifier.py:97]: Getting MX95 footprint position: (60718750, 154540000)
[board_modifier.py:64]: Searching for D95 footprint in C:/Users/Ismael/Desktop/Perso Projects/VesselV3/VesselV3.kicad_pcb
[board_modifier.py:84]: Setting D95 footprint position: (65798750, 158140000)
[board_modifier.py:64]: Searching for MX_SW_solder95 footprint in C:/Users/Ismael/Desktop/Perso Projects/VesselV3/VesselV3.kicad_pcb
[board_modifier.py:67]: Footprint not found
[board_modifier.py:97]: Getting MX96 footprint position: (84531250, 154540000)
[board_modifier.py:64]: Searching for D96 footprint in C:/Users/Ismael/Desktop/Perso Projects/VesselV3/VesselV3.kicad_pcb
[board_modifier.py:84]: Setting D96 footprint position: (89611250, 158140000)
[board_modifier.py:64]: Searching for MX_SW_solder96 footprint in C:/Users/Ismael/Desktop/Perso Projects/VesselV3/VesselV3.kicad_pcb
[board_modifier.py:67]: Footprint not found
[board_modifier.py:97]: Getting MX97 footprint position: (155968750, 154540000)
[board_modifier.py:64]: Searching for D97 footprint in C:/Users/Ismael/Desktop/Perso Projects/VesselV3/VesselV3.kicad_pcb
[board_modifier.py:84]: Setting D97 footprint position: (161048750, 158140000)
[board_modifier.py:64]: Searching for MX_SW_solder97 footprint in C:/Users/Ismael/Desktop/Perso Projects/VesselV3/VesselV3.kicad_pcb
[board_modifier.py:67]: Footprint not found
[board_modifier.py:97]: Getting MX98 footprint position: (227406250, 154540000)
[board_modifier.py:64]: Searching for D98 footprint in C:/Users/Ismael/Desktop/Perso Projects/VesselV3/VesselV3.kicad_pcb
[board_modifier.py:84]: Setting D98 footprint position: (232486250, 158140000)
[board_modifier.py:64]: Searching for MX_SW_solder98 footprint in C:/Users/Ismael/Desktop/Perso Projects/VesselV3/VesselV3.kicad_pcb
[board_modifier.py:67]: Footprint not found
[board_modifier.py:97]: Getting MX99 footprint position: (251218750, 154540000)
[board_modifier.py:64]: Searching for D99 footprint in C:/Users/Ismael/Desktop/Perso Projects/VesselV3/VesselV3.kicad_pcb
[board_modifier.py:84]: Setting D99 footprint position: (256298750, 158140000)
[board_modifier.py:64]: Searching for MX_SW_solder99 footprint in C:/Users/Ismael/Desktop/Perso Projects/VesselV3/VesselV3.kicad_pcb
[board_modifier.py:67]: Footprint not found
[board_modifier.py:97]: Getting MX100 footprint position: (282175000, 154540000)
[board_modifier.py:64]: Searching for D100 footprint in C:/Users/Ismael/Desktop/Perso Projects/VesselV3/VesselV3.kicad_pcb
[board_modifier.py:84]: Setting D100 footprint position: (287255000, 158140000)
[board_modifier.py:64]: Searching for MX_SW_solder100 footprint in C:/Users/Ismael/Desktop/Perso Projects/VesselV3/VesselV3.kicad_pcb
[board_modifier.py:67]: Footprint not found
[board_modifier.py:97]: Getting MX101 footprint position: (301225000, 154540000)
[board_modifier.py:64]: Searching for D101 footprint in C:/Users/Ismael/Desktop/Perso Projects/VesselV3/VesselV3.kicad_pcb
[board_modifier.py:84]: Setting D101 footprint position: (306305000, 158140000)
[board_modifier.py:64]: Searching for MX_SW_solder101 footprint in C:/Users/Ismael/Desktop/Perso Projects/VesselV3/VesselV3.kicad_pcb
[board_modifier.py:67]: Footprint not found
[board_modifier.py:97]: Getting MX102 footprint position: (320275000, 154540000)
[board_modifier.py:64]: Searching for D102 footprint in C:/Users/Ismael/Desktop/Perso Projects/VesselV3/VesselV3.kicad_pcb
[board_modifier.py:84]: Setting D102 footprint position: (325355000, 158140000)
[board_modifier.py:64]: Searching for MX_SW_solder102 footprint in C:/Users/Ismael/Desktop/Perso Projects/VesselV3/VesselV3.kicad_pcb
[board_modifier.py:67]: Footprint not found
