Questionable use of curly braces in "(field (name "sim.pins") "1={vin} 2={en} 3={sync_mode} 4={comp_fset} 5={fb} 6={pg} 7={sw} 8=gnd"))"
    Error: undefined symbol in: "[vin]"
Questionable use of curly braces in "(field (name "sim.pins") "1=(vin) 2={en} 3={sync_mode} 4={comp_fset} 5={fb} 6={pg} 7={sw} 8=gnd"))"
    Error: undefined symbol in: "[en]"
Questionable use of curly braces in "(field (name "sim.pins") "1=(vin) 2=(en) 3={sync_mode} 4={comp_fset} 5={fb} 6={pg} 7={sw} 8=gnd"))"
    Error: undefined symbol in: "[sync_mode]"
Questionable use of curly braces in "(field (name "sim.pins") "1=(vin) 2=(en) 3=(sync_mode) 4={comp_fset} 5={fb} 6={pg} 7={sw} 8=gnd"))"
    Error: undefined symbol in: "[comp_fset]"
Questionable use of curly braces in "(field (name "sim.pins") "1=(vin) 2=(en) 3=(sync_mode) 4=(comp_fset) 5={fb} 6={pg} 7={sw} 8=gnd"))"
    Error: undefined symbol in: "[fb]"
Questionable use of curly braces in "(field (name "sim.pins") "1=(vin) 2=(en) 3=(sync_mode) 4=(comp_fset) 5=(fb) 6={pg} 7={sw} 8=gnd"))"
    Error: undefined symbol in: "[pg]"
Questionable use of curly braces in "(field (name "sim.pins") "1=(vin) 2=(en) 3=(sync_mode) 4=(comp_fset) 5=(fb) 6=(pg) 7={sw} 8=gnd"))"
    Error: undefined symbol in: "[sw]"
Questionable use of curly braces in "(property (name "sim.pins") (value "1={vin} 2={en} 3={sync_mode} 4={comp_fset} 5={fb} 6={pg} 7={sw} 8=gnd"))"
    Error: undefined symbol in: "[vin]"
Questionable use of curly braces in "(property (name "sim.pins") (value "1=(vin) 2={en} 3={sync_mode} 4={comp_fset} 5={fb} 6={pg} 7={sw} 8=gnd"))"
    Error: undefined symbol in: "[en]"
Questionable use of curly braces in "(property (name "sim.pins") (value "1=(vin) 2=(en) 3={sync_mode} 4={comp_fset} 5={fb} 6={pg} 7={sw} 8=gnd"))"
    Error: undefined symbol in: "[sync_mode]"
Questionable use of curly braces in "(property (name "sim.pins") (value "1=(vin) 2=(en) 3=(sync_mode) 4={comp_fset} 5={fb} 6={pg} 7={sw} 8=gnd"))"
    Error: undefined symbol in: "[comp_fset]"
Questionable use of curly braces in "(property (name "sim.pins") (value "1=(vin) 2=(en) 3=(sync_mode) 4=(comp_fset) 5={fb} 6={pg} 7={sw} 8=gnd"))"
    Error: undefined symbol in: "[fb]"
Questionable use of curly braces in "(property (name "sim.pins") (value "1=(vin) 2=(en) 3=(sync_mode) 4=(comp_fset) 5=(fb) 6={pg} 7={sw} 8=gnd"))"
    Error: undefined symbol in: "[pg]"
Questionable use of curly braces in "(property (name "sim.pins") (value "1=(vin) 2=(en) 3=(sync_mode) 4=(comp_fset) 5=(fb) 6=(pg) 7={sw} 8=gnd"))"
    Error: undefined symbol in: "[sw]"
Questionable use of curly braces in "(field (name "sim.pins") "1={k} 2=a"))"
    Error: undefined symbol in: "[k]"
Questionable use of curly braces in "(property (name "sim.pins") (value "1={k} 2=a"))"
    Error: undefined symbol in: "[k]"
Questionable use of curly braces in "(field (name "sim.pins") "1={k} 2=a"))"
    Error: undefined symbol in: "[k]"
Questionable use of curly braces in "(property (name "sim.pins") (value "1={k} 2=a"))"
    Error: undefined symbol in: "[k]"
Questionable use of curly braces in "(field (name "sim.pins") "1={k} 2=a"))"
    Error: undefined symbol in: "[k]"
Questionable use of curly braces in "(property (name "sim.pins") (value "1={k} 2=a"))"
    Error: undefined symbol in: "[k]"
Questionable use of curly braces in "(field (name "sim.pins") "1={k} 2=a"))"
    Error: undefined symbol in: "[k]"
Questionable use of curly braces in "(property (name "sim.pins") (value "1={k} 2=a"))"
    Error: undefined symbol in: "[k]"
Questionable use of curly braces in "(field (name "sim.pins") "1={k} 2=a"))"
    Error: undefined symbol in: "[k]"
Questionable use of curly braces in "(property (name "sim.pins") (value "1={k} 2=a"))"
    Error: undefined symbol in: "[k]"
Questionable use of curly braces in "(field (name "sim.pins") "1={k} 2=a"))"
    Error: undefined symbol in: "[k]"
Questionable use of curly braces in "(property (name "sim.pins") (value "1={k} 2=a"))"
    Error: undefined symbol in: "[k]"
Questionable use of curly braces in "(field (name "sim.pins") "1={k} 2=a"))"
    Error: undefined symbol in: "[k]"
Questionable use of curly braces in "(property (name "sim.pins") (value "1={k} 2=a"))"
    Error: undefined symbol in: "[k]"
Questionable use of curly braces in "(field (name "sim.pins") "1={k} 2=a"))"
    Error: undefined symbol in: "[k]"
Questionable use of curly braces in "(property (name "sim.pins") (value "1={k} 2=a"))"
    Error: undefined symbol in: "[k]"
Questionable use of curly braces in "(field (name "sim.pins") "1={k} 2=a"))"
    Error: undefined symbol in: "[k]"
Questionable use of curly braces in "(property (name "sim.pins") (value "1={k} 2=a"))"
    Error: undefined symbol in: "[k]"
Questionable use of curly braces in "(field (name "sim.pins") "1={k} 2=a"))"
    Error: undefined symbol in: "[k]"
Questionable use of curly braces in "(property (name "sim.pins") (value "1={k} 2=a"))"
    Error: undefined symbol in: "[k]"
Questionable use of curly braces in "(field (name "sim.pins") "1={k} 2=a"))"
    Error: undefined symbol in: "[k]"
Questionable use of curly braces in "(property (name "sim.pins") (value "1={k} 2=a"))"
    Error: undefined symbol in: "[k]"
Questionable use of curly braces in "(field (name "sim.pins") "1={k} 2=a"))"
    Error: undefined symbol in: "[k]"
Questionable use of curly braces in "(property (name "sim.pins") (value "1={k} 2=a"))"
    Error: undefined symbol in: "[k]"
Questionable use of curly braces in "(field (name "sim.pins") "1={k} 2=a"))"
    Error: undefined symbol in: "[k]"
Questionable use of curly braces in "(property (name "sim.pins") (value "1={k} 2=a"))"
    Error: undefined symbol in: "[k]"
Questionable use of curly braces in "(field (name "sim.pins") "1={k} 2=a"))"
    Error: undefined symbol in: "[k]"
Questionable use of curly braces in "(property (name "sim.pins") (value "1={k} 2=a"))"
    Error: undefined symbol in: "[k]"
Questionable use of curly braces in "(field (name "sim.pins") "1={k} 2=a"))"
    Error: undefined symbol in: "[k]"
Questionable use of curly braces in "(property (name "sim.pins") (value "1={k} 2=a"))"
    Error: undefined symbol in: "[k]"
Questionable use of curly braces in "(field (name "sim.pins") "1={k} 2=a"))"
    Error: undefined symbol in: "[k]"
Questionable use of curly braces in "(property (name "sim.pins") (value "1={k} 2=a"))"
    Error: undefined symbol in: "[k]"
Questionable use of curly braces in "(field (name "sim.pins") "1={k} 2=a"))"
    Error: undefined symbol in: "[k]"
Questionable use of curly braces in "(property (name "sim.pins") (value "1={k} 2=a"))"
    Error: undefined symbol in: "[k]"
Questionable use of curly braces in "(field (name "sim.pins") "1={k} 2=a"))"
    Error: undefined symbol in: "[k]"
Questionable use of curly braces in "(property (name "sim.pins") (value "1={k} 2=a"))"
    Error: undefined symbol in: "[k]"
Questionable use of curly braces in "(field (name "sim.pins") "1={k} 2=a"))"
    Error: undefined symbol in: "[k]"
Questionable use of curly braces in "(property (name "sim.pins") (value "1={k} 2=a"))"
    Error: undefined symbol in: "[k]"
Questionable use of curly braces in "(field (name "sim.pins") "1={k} 2=a"))"
    Error: undefined symbol in: "[k]"
Questionable use of curly braces in "(property (name "sim.pins") (value "1={k} 2=a"))"
    Error: undefined symbol in: "[k]"
Questionable use of curly braces in "(field (name "sim.pins") "1={k} 2=a"))"
    Error: undefined symbol in: "[k]"
Questionable use of curly braces in "(property (name "sim.pins") (value "1={k} 2=a"))"
    Error: undefined symbol in: "[k]"
Questionable use of curly braces in "(field (name "sim.pins") "1={k} 2=a"))"
    Error: undefined symbol in: "[k]"
Questionable use of curly braces in "(property (name "sim.pins") (value "1={k} 2=a"))"
    Error: undefined symbol in: "[k]"
Questionable use of curly braces in "(field (name "sim.pins") "1={k} 2=a"))"
    Error: undefined symbol in: "[k]"
Questionable use of curly braces in "(property (name "sim.pins") (value "1={k} 2=a"))"
    Error: undefined symbol in: "[k]"
Questionable use of curly braces in "(field (name "sim.pins") "1={k} 2=a"))"
    Error: undefined symbol in: "[k]"
Questionable use of curly braces in "(property (name "sim.pins") (value "1={k} 2=a"))"
    Error: undefined symbol in: "[k]"
Questionable use of curly braces in "(field (name "sim.pins") "1={k} 2=a"))"
    Error: undefined symbol in: "[k]"
Questionable use of curly braces in "(property (name "sim.pins") (value "1={k} 2=a"))"
    Error: undefined symbol in: "[k]"
Questionable use of curly braces in "(field (name "sim.pins") "1={k} 2=a"))"
    Error: undefined symbol in: "[k]"
Questionable use of curly braces in "(property (name "sim.pins") (value "1={k} 2=a"))"
    Error: undefined symbol in: "[k]"
Questionable use of curly braces in "(field (name "sim.pins") "1={k} 2=a"))"
    Error: undefined symbol in: "[k]"
Questionable use of curly braces in "(property (name "sim.pins") (value "1={k} 2=a"))"
    Error: undefined symbol in: "[k]"
Questionable use of curly braces in "(field (name "sim.pins") "1={k} 2=a"))"
    Error: undefined symbol in: "[k]"
Questionable use of curly braces in "(property (name "sim.pins") (value "1={k} 2=a"))"
    Error: undefined symbol in: "[k]"
Questionable use of curly braces in "(field (name "sim.pins") "1={k} 2=a"))"
    Error: undefined symbol in: "[k]"
Questionable use of curly braces in "(property (name "sim.pins") (value "1={k} 2=a"))"
    Error: undefined symbol in: "[k]"
Questionable use of curly braces in "(field (name "sim.pins") "1={k} 2=a"))"
    Error: undefined symbol in: "[k]"
Questionable use of curly braces in "(property (name "sim.pins") (value "1={k} 2=a"))"
    Error: undefined symbol in: "[k]"
Questionable use of curly braces in "(field (name "sim.pins") "1={k} 2=a"))"
    Error: undefined symbol in: "[k]"
Questionable use of curly braces in "(property (name "sim.pins") (value "1={k} 2=a"))"
    Error: undefined symbol in: "[k]"
Questionable use of curly braces in "(field (name "sim.pins") "1={k} 2=a"))"
    Error: undefined symbol in: "[k]"
Questionable use of curly braces in "(property (name "sim.pins") (value "1={k} 2=a"))"
    Error: undefined symbol in: "[k]"
Questionable use of curly braces in "(field (name "sim.pins") "1={k} 2=a"))"
    Error: undefined symbol in: "[k]"
Questionable use of curly braces in "(property (name "sim.pins") (value "1={k} 2=a"))"
    Error: undefined symbol in: "[k]"
Questionable use of curly braces in "(field (name "sim.pins") "1={k} 2=a"))"
    Error: undefined symbol in: "[k]"
Questionable use of curly braces in "(property (name "sim.pins") (value "1={k} 2=a"))"
    Error: undefined symbol in: "[k]"
Questionable use of curly braces in "(field (name "sim.pins") "1={k} 2=a"))"
    Error: undefined symbol in: "[k]"
Questionable use of curly braces in "(property (name "sim.pins") (value "1={k} 2=a"))"
    Error: undefined symbol in: "[k]"
Questionable use of curly braces in "(field (name "sim.pins") "1={k} 2=a"))"
    Error: undefined symbol in: "[k]"
Questionable use of curly braces in "(property (name "sim.pins") (value "1={k} 2=a"))"
    Error: undefined symbol in: "[k]"
Questionable use of curly braces in "(field (name "sim.pins") "1={k} 2=a"))"
    Error: undefined symbol in: "[k]"
Questionable use of curly braces in "(property (name "sim.pins") (value "1={k} 2=a"))"
    Error: undefined symbol in: "[k]"
Questionable use of curly braces in "(field (name "sim.pins") "1={k} 2=a"))"
    Error: undefined symbol in: "[k]"
Questionable use of curly braces in "(property (name "sim.pins") (value "1={k} 2=a"))"
    Error: undefined symbol in: "[k]"
Questionable use of curly braces in "(field (name "sim.pins") "1={k} 2=a"))"
    Error: undefined symbol in: "[k]"
Questionable use of curly braces in "(property (name "sim.pins") (value "1={k} 2=a"))"
    Error: undefined symbol in: "[k]"
Questionable use of curly braces in "(field (name "sim.pins") "1={k} 2=a"))"
    Error: undefined symbol in: "[k]"
Questionable use of curly braces in "(property (name "sim.pins") (value "1={k} 2=a"))"
    Error: undefined symbol in: "[k]"
Questionable use of curly braces in "(field (name "sim.pins") "1={k} 2=a"))"
    Error: undefined symbol in: "[k]"
Questionable use of curly braces in "(property (name "sim.pins") (value "1={k} 2=a"))"
    Error: undefined symbol in: "[k]"
Questionable use of curly braces in "(field (name "sim.pins") "1={k} 2=a"))"
    Error: undefined symbol in: "[k]"
Questionable use of curly braces in "(property (name "sim.pins") (value "1={k} 2=a"))"
    Error: undefined symbol in: "[k]"
Questionable use of curly braces in "(field (name "sim.pins") "1={k} 2=a"))"
    Error: undefined symbol in: "[k]"
Questionable use of curly braces in "(property (name "sim.pins") (value "1={k} 2=a"))"
    Error: undefined symbol in: "[k]"
Questionable use of curly braces in "(field (name "sim.pins") "1={k} 2=a"))"
    Error: undefined symbol in: "[k]"
Questionable use of curly braces in "(property (name "sim.pins") (value "1={k} 2=a"))"
    Error: undefined symbol in: "[k]"
Questionable use of curly braces in "(field (name "sim.pins") "1={k} 2=a"))"
    Error: undefined symbol in: "[k]"
Questionable use of curly braces in "(property (name "sim.pins") (value "1={k} 2=a"))"
    Error: undefined symbol in: "[k]"
Questionable use of curly braces in "(field (name "sim.pins") "1={k} 2=a"))"
    Error: undefined symbol in: "[k]"
Questionable use of curly braces in "(property (name "sim.pins") (value "1={k} 2=a"))"
    Error: undefined symbol in: "[k]"
Questionable use of curly braces in "(field (name "sim.pins") "1={k} 2=a"))"
    Error: undefined symbol in: "[k]"
Questionable use of curly braces in "(property (name "sim.pins") (value "1={k} 2=a"))"
    Error: undefined symbol in: "[k]"
Questionable use of curly braces in "(field (name "sim.pins") "1={k} 2=a"))"
    Error: undefined symbol in: "[k]"
Questionable use of curly braces in "(property (name "sim.pins") (value "1={k} 2=a"))"
    Error: undefined symbol in: "[k]"
Questionable use of curly braces in "(field (name "sim.pins") "1={k} 2=a"))"
    Error: undefined symbol in: "[k]"
Questionable use of curly braces in "(property (name "sim.pins") (value "1={k} 2=a"))"
    Error: undefined symbol in: "[k]"
Questionable use of curly braces in "(field (name "sim.pins") "1={k} 2=a"))"
    Error: undefined symbol in: "[k]"
Questionable use of curly braces in "(property (name "sim.pins") (value "1={k} 2=a"))"
    Error: undefined symbol in: "[k]"
Questionable use of curly braces in "(field (name "sim.pins") "1={k} 2=a"))"
    Error: undefined symbol in: "[k]"
Questionable use of curly braces in "(property (name "sim.pins") (value "1={k} 2=a"))"
    Error: undefined symbol in: "[k]"
Questionable use of curly braces in "(field (name "sim.pins") "1={k} 2=a"))"
    Error: undefined symbol in: "[k]"
Questionable use of curly braces in "(property (name "sim.pins") (value "1={k} 2=a"))"
    Error: undefined symbol in: "[k]"
Questionable use of curly braces in "(field (name "sim.pins") "1={k} 2=a"))"
    Error: undefined symbol in: "[k]"
Questionable use of curly braces in "(property (name "sim.pins") (value "1={k} 2=a"))"
    Error: undefined symbol in: "[k]"
Questionable use of curly braces in "(field (name "sim.pins") "1={k} 2=a"))"
    Error: undefined symbol in: "[k]"
Questionable use of curly braces in "(property (name "sim.pins") (value "1={k} 2=a"))"
    Error: undefined symbol in: "[k]"
Questionable use of curly braces in "(field (name "sim.pins") "1={k} 2=a"))"
    Error: undefined symbol in: "[k]"
Questionable use of curly braces in "(property (name "sim.pins") (value "1={k} 2=a"))"
    Error: undefined symbol in: "[k]"
Questionable use of curly braces in "(field (name "sim.pins") "1={k} 2=a"))"
    Error: undefined symbol in: "[k]"
Questionable use of curly braces in "(property (name "sim.pins") (value "1={k} 2=a"))"
    Error: undefined symbol in: "[k]"
Questionable use of curly braces in "(field (name "sim.pins") "1={k} 2=a"))"
    Error: undefined symbol in: "[k]"
Questionable use of curly braces in "(property (name "sim.pins") (value "1={k} 2=a"))"
    Error: undefined symbol in: "[k]"
Questionable use of curly braces in "(field (name "sim.pins") "1={k} 2=a"))"
    Error: undefined symbol in: "[k]"
Questionable use of curly braces in "(property (name "sim.pins") (value "1={k} 2=a"))"
    Error: undefined symbol in: "[k]"
Questionable use of curly braces in "(field (name "sim.pins") "1={k} 2=a"))"
    Error: undefined symbol in: "[k]"
Questionable use of curly braces in "(property (name "sim.pins") (value "1={k} 2=a"))"
    Error: undefined symbol in: "[k]"
Questionable use of curly braces in "(field (name "sim.pins") "1={k} 2=a"))"
    Error: undefined symbol in: "[k]"
Questionable use of curly braces in "(property (name "sim.pins") (value "1={k} 2=a"))"
    Error: undefined symbol in: "[k]"
Questionable use of curly braces in "(field (name "sim.pins") "1={k} 2=a"))"
    Error: undefined symbol in: "[k]"
Questionable use of curly braces in "(property (name "sim.pins") (value "1={k} 2=a"))"
    Error: undefined symbol in: "[k]"
Questionable use of curly braces in "(field (name "sim.pins") "1={k} 2=a"))"
    Error: undefined symbol in: "[k]"
Questionable use of curly braces in "(property (name "sim.pins") (value "1={k} 2=a"))"
    Error: undefined symbol in: "[k]"
Questionable use of curly braces in "(field (name "sim.pins") "1={k} 2=a"))"
    Error: undefined symbol in: "[k]"
Questionable use of curly braces in "(property (name "sim.pins") (value "1={k} 2=a"))"
    Error: undefined symbol in: "[k]"
Questionable use of curly braces in "(field (name "sim.pins") "1={k} 2=a"))"
    Error: undefined symbol in: "[k]"
Questionable use of curly braces in "(property (name "sim.pins") (value "1={k} 2=a"))"
    Error: undefined symbol in: "[k]"
Questionable use of curly braces in "(field (name "sim.pins") "1={k} 2=a"))"
    Error: undefined symbol in: "[k]"
Questionable use of curly braces in "(property (name "sim.pins") (value "1={k} 2=a"))"
    Error: undefined symbol in: "[k]"
Questionable use of curly braces in "(field (name "sim.pins") "1={k} 2=a"))"
    Error: undefined symbol in: "[k]"
Questionable use of curly braces in "(property (name "sim.pins") (value "1={k} 2=a"))"
    Error: undefined symbol in: "[k]"
Questionable use of curly braces in "(field (name "sim.pins") "1={k} 2=a"))"
    Error: undefined symbol in: "[k]"
Questionable use of curly braces in "(property (name "sim.pins") (value "1={k} 2=a"))"
    Error: undefined symbol in: "[k]"
Questionable use of curly braces in "(field (name "sim.pins") "1={k} 2=a"))"
    Error: undefined symbol in: "[k]"
Questionable use of curly braces in "(property (name "sim.pins") (value "1={k} 2=a"))"
    Error: undefined symbol in: "[k]"
Questionable use of curly braces in "(field (name "sim.pins") "1={k} 2=a"))"
    Error: undefined symbol in: "[k]"
Questionable use of curly braces in "(property (name "sim.pins") (value "1={k} 2=a"))"
    Error: undefined symbol in: "[k]"
Questionable use of curly braces in "(field (name "sim.pins") "1={k} 2=a"))"
    Error: undefined symbol in: "[k]"
Questionable use of curly braces in "(property (name "sim.pins") (value "1={k} 2=a"))"
    Error: undefined symbol in: "[k]"
Questionable use of curly braces in "(field (name "sim.pins") "1={k} 2=a"))"
    Error: undefined symbol in: "[k]"
Questionable use of curly braces in "(property (name "sim.pins") (value "1={k} 2=a"))"
    Error: undefined symbol in: "[k]"
Questionable use of curly braces in "(field (name "sim.pins") "1={k} 2=a"))"
    Error: undefined symbol in: "[k]"
Questionable use of curly braces in "(property (name "sim.pins") (value "1={k} 2=a"))"
    Error: undefined symbol in: "[k]"
Questionable use of curly braces in "(field (name "sim.pins") "1={k} 2=a"))"
    Error: undefined symbol in: "[k]"
Questionable use of curly braces in "(property (name "sim.pins") (value "1={k} 2=a"))"
    Error: undefined symbol in: "[k]"
Questionable use of curly braces in "(field (name "sim.pins") "1={k} 2=a"))"
    Error: undefined symbol in: "[k]"
Questionable use of curly braces in "(property (name "sim.pins") (value "1={k} 2=a"))"
    Error: undefined symbol in: "[k]"
Questionable use of curly braces in "(field (name "sim.pins") "1={k} 2=a"))"
    Error: undefined symbol in: "[k]"
Questionable use of curly braces in "(property (name "sim.pins") (value "1={k} 2=a"))"
    Error: undefined symbol in: "[k]"
Questionable use of curly braces in "(field (name "sim.pins") "1={k} 2=a"))"
    Error: undefined symbol in: "[k]"
Questionable use of curly braces in "(property (name "sim.pins") (value "1={k} 2=a"))"
    Error: undefined symbol in: "[k]"
Questionable use of curly braces in "(field (name "sim.pins") "1={k} 2=a"))"
    Error: undefined symbol in: "[k]"
Questionable use of curly braces in "(property (name "sim.pins") (value "1={k} 2=a"))"
    Error: undefined symbol in: "[k]"
Questionable use of curly braces in "(field (name "sim.pins") "1={k} 2=a"))"
    Error: undefined symbol in: "[k]"
Questionable use of curly braces in "(property (name "sim.pins") (value "1={k} 2=a"))"
    Error: undefined symbol in: "[k]"
Questionable use of curly braces in "(field (name "sim.pins") "1={k} 2=a"))"
    Error: undefined symbol in: "[k]"
Questionable use of curly braces in "(property (name "sim.pins") (value "1={k} 2=a"))"
    Error: undefined symbol in: "[k]"
Questionable use of curly braces in "(field (name "sim.pins") "1={k} 2=a"))"
    Error: undefined symbol in: "[k]"
Questionable use of curly braces in "(property (name "sim.pins") (value "1={k} 2=a"))"
    Error: undefined symbol in: "[k]"
Questionable use of curly braces in "(field (name "sim.pins") "1={k} 2=a"))"
    Error: undefined symbol in: "[k]"
Questionable use of curly braces in "(property (name "sim.pins") (value "1={k} 2=a"))"
    Error: undefined symbol in: "[k]"
Questionable use of curly braces in "(field (name "sim.pins") "1={k} 2=a"))"
    Error: undefined symbol in: "[k]"
Questionable use of curly braces in "(property (name "sim.pins") (value "1={k} 2=a"))"
    Error: undefined symbol in: "[k]"
Questionable use of curly braces in "(field (name "sim.pins") "1={k} 2=a"))"
    Error: undefined symbol in: "[k]"
Questionable use of curly braces in "(property (name "sim.pins") (value "1={k} 2=a"))"
    Error: undefined symbol in: "[k]"
Questionable use of curly braces in "(field (name "sim.pins") "1={k} 2=a"))"
    Error: undefined symbol in: "[k]"
Questionable use of curly braces in "(property (name "sim.pins") (value "1={k} 2=a"))"
    Error: undefined symbol in: "[k]"
Questionable use of curly braces in "(field (name "sim.pins") "1={k} 2=a"))"
    Error: undefined symbol in: "[k]"
Questionable use of curly braces in "(property (name "sim.pins") (value "1={k} 2=a"))"
    Error: undefined symbol in: "[k]"
Questionable use of curly braces in "(field (name "sim.pins") "1={k} 2=a"))"
    Error: undefined symbol in: "[k]"
Questionable use of curly braces in "(property (name "sim.pins") (value "1={k} 2=a"))"
    Error: undefined symbol in: "[k]"
Questionable use of curly braces in "(field (name "sim.pins") "1={k} 2=a"))"
    Error: undefined symbol in: "[k]"
Questionable use of curly braces in "(property (name "sim.pins") (value "1={k} 2=a"))"
    Error: undefined symbol in: "[k]"
Questionable use of curly braces in "(field (name "sim.pins") "1={k} 2=a"))"
    Error: undefined symbol in: "[k]"
Questionable use of curly braces in "(property (name "sim.pins") (value "1={k} 2=a"))"
    Error: undefined symbol in: "[k]"
Questionable use of curly braces in "(field (name "sim.pins") "1={k} 2=a"))"
    Error: undefined symbol in: "[k]"
Questionable use of curly braces in "(property (name "sim.pins") (value "1={k} 2=a"))"
    Error: undefined symbol in: "[k]"
Questionable use of curly braces in "(field (name "sim.pins") "1={k} 2=a"))"
    Error: undefined symbol in: "[k]"
Questionable use of curly braces in "(property (name "sim.pins") (value "1={k} 2=a"))"
    Error: undefined symbol in: "[k]"
Questionable use of curly braces in "(field (name "sim.pins") "1={k} 2=a"))"
    Error: undefined symbol in: "[k]"
Questionable use of curly braces in "(property (name "sim.pins") (value "1={k} 2=a"))"
    Error: undefined symbol in: "[k]"
Questionable use of curly braces in "(field (name "sim.pins") "1={k} 2=a"))"
    Error: undefined symbol in: "[k]"
Questionable use of curly braces in "(property (name "sim.pins") (value "1={k} 2=a"))"
    Error: undefined symbol in: "[k]"
Questionable use of curly braces in "(field (name "sim.pins") "1={k} 2=a"))"
    Error: undefined symbol in: "[k]"
Questionable use of curly braces in "(property (name "sim.pins") (value "1={k} 2=a"))"
    Error: undefined symbol in: "[k]"
Questionable use of curly braces in "(field (name "sim.pins") "1={k} 2=a"))"
    Error: undefined symbol in: "[k]"
Questionable use of curly braces in "(property (name "sim.pins") (value "1={k} 2=a"))"
    Error: undefined symbol in: "[k]"
Questionable use of curly braces in "(field (name "sim.pins") "1={k} 2=a"))"
    Error: undefined symbol in: "[k]"
Questionable use of curly braces in "(property (name "sim.pins") (value "1={k} 2=a"))"
    Error: undefined symbol in: "[k]"
Questionable use of curly braces in "(field (name "sim.pins") "1={k} 2=a"))"
    Error: undefined symbol in: "[k]"
Questionable use of curly braces in "(property (name "sim.pins") (value "1={k} 2=a"))"
    Error: undefined symbol in: "[k]"
Questionable use of curly braces in "(field (name "sim.pins") "1={k} 2=a"))"
    Error: undefined symbol in: "[k]"
Questionable use of curly braces in "(property (name "sim.pins") (value "1={k} 2=a"))"
    Error: undefined symbol in: "[k]"
Questionable use of curly braces in "(field (name "sim.pins") "1={k} 2=a"))"
    Error: undefined symbol in: "[k]"
Questionable use of curly braces in "(property (name "sim.pins") (value "1={k} 2=a"))"
    Error: undefined symbol in: "[k]"
Questionable use of curly braces in "(field (name "sim.pins") "1={k} 2=a"))"
    Error: undefined symbol in: "[k]"
Questionable use of curly braces in "(property (name "sim.pins") (value "1={k} 2=a"))"
    Error: undefined symbol in: "[k]"
Questionable use of curly braces in "(field (name "sim.pins") "1={k} 2=a"))"
    Error: undefined symbol in: "[k]"
Questionable use of curly braces in "(property (name "sim.pins") (value "1={k} 2=a"))"
    Error: undefined symbol in: "[k]"
Questionable use of curly braces in "(field (name "sim.pins") "1={k} 2=a"))"
    Error: undefined symbol in: "[k]"
Questionable use of curly braces in "(property (name "sim.pins") (value "1={k} 2=a"))"
    Error: undefined symbol in: "[k]"
Questionable use of curly braces in "(field (name "sim.pins") "1={k} 2=a"))"
    Error: undefined symbol in: "[k]"
Questionable use of curly braces in "(property (name "sim.pins") (value "1={k} 2=a"))"
    Error: undefined symbol in: "[k]"
Questionable use of curly braces in "(field (name "sim.pins") "1={a} 2=k"))"
    Error: undefined symbol in: "[a]"
Questionable use of curly braces in "(property (name "sim.pins") (value "1={a} 2=k"))"
    Error: undefined symbol in: "[a]"
Questionable use of curly braces in "(field (name "sim.pins") "1={a} 2=k"))"
    Error: undefined symbol in: "[a]"
Questionable use of curly braces in "(property (name "sim.pins") (value "1={a} 2=k"))"
    Error: undefined symbol in: "[a]"
Questionable use of curly braces in "(field (name "sim.pins") "1={a} 2=k"))"
    Error: undefined symbol in: "[a]"
Questionable use of curly braces in "(property (name "sim.pins") (value "1={a} 2=k"))"
    Error: undefined symbol in: "[a]"
Questionable use of curly braces in "(field (name "sim.pins") "1={a} 2=k"))"
    Error: undefined symbol in: "[a]"
Questionable use of curly braces in "(property (name "sim.pins") (value "1={a} 2=k"))"
    Error: undefined symbol in: "[a]"
Questionable use of curly braces in "(field (name "sim.pins") "1={a} 2=k"))"
    Error: undefined symbol in: "[a]"
Questionable use of curly braces in "(property (name "sim.pins") (value "1={a} 2=k"))"
    Error: undefined symbol in: "[a]"
Questionable use of curly braces in "(field (name "sim.pins") "1={a} 2=k"))"
    Error: undefined symbol in: "[a]"
Questionable use of curly braces in "(property (name "sim.pins") (value "1={a} 2=k"))"
    Error: undefined symbol in: "[a]"
Questionable use of curly braces in "(field (name "sim.pins") "1={a} 2=k"))"
    Error: undefined symbol in: "[a]"
Questionable use of curly braces in "(property (name "sim.pins") (value "1={a} 2=k"))"
    Error: undefined symbol in: "[a]"
Questionable use of curly braces in "(field (name "sim.pins") "1={a} 2=k"))"
    Error: undefined symbol in: "[a]"
Questionable use of curly braces in "(property (name "sim.pins") (value "1={a} 2=k"))"
    Error: undefined symbol in: "[a]"
Questionable use of curly braces in "(field (name "sim.pins") "1={a} 2=k"))"
    Error: undefined symbol in: "[a]"
Questionable use of curly braces in "(property (name "sim.pins") (value "1={a} 2=k"))"
    Error: undefined symbol in: "[a]"
Questionable use of curly braces in "(field (name "sim.pins") "1={a} 2=k"))"
    Error: undefined symbol in: "[a]"
Questionable use of curly braces in "(property (name "sim.pins") (value "1={a} 2=k"))"
    Error: undefined symbol in: "[a]"
Questionable use of curly braces in "(field (name "sim.pins") "1={a} 2=k"))"
    Error: undefined symbol in: "[a]"
Questionable use of curly braces in "(property (name "sim.pins") (value "1={a} 2=k"))"
    Error: undefined symbol in: "[a]"
Questionable use of curly braces in "(field (name "sim.pins") "1={a} 2=k"))"
    Error: undefined symbol in: "[a]"
Questionable use of curly braces in "(property (name "sim.pins") (value "1={a} 2=k"))"
    Error: undefined symbol in: "[a]"
Questionable use of curly braces in "(field (name "sim.pins") "1={a} 2=k"))"
    Error: undefined symbol in: "[a]"
Questionable use of curly braces in "(property (name "sim.pins") (value "1={a} 2=k"))"
    Error: undefined symbol in: "[a]"
Questionable use of curly braces in "(field (name "sim.pins") "1={a} 2=k"))"
    Error: undefined symbol in: "[a]"
Questionable use of curly braces in "(property (name "sim.pins") (value "1={a} 2=k"))"
    Error: undefined symbol in: "[a]"
Questionable use of curly braces in "(field (name "sim.pins") "1={a} 2=k"))"
    Error: undefined symbol in: "[a]"
Questionable use of curly braces in "(property (name "sim.pins") (value "1={a} 2=k"))"
    Error: undefined symbol in: "[a]"
Questionable use of curly braces in "(field (name "sim.pins") "1={a} 2=k"))"
    Error: undefined symbol in: "[a]"
Questionable use of curly braces in "(property (name "sim.pins") (value "1={a} 2=k"))"
    Error: undefined symbol in: "[a]"
Questionable use of curly braces in "(field (name "sim.pins") "1={a} 2=k"))"
    Error: undefined symbol in: "[a]"
Questionable use of curly braces in "(property (name "sim.pins") (value "1={a} 2=k"))"
    Error: undefined symbol in: "[a]"
Questionable use of curly braces in "(field (name "sim.pins") "1={a} 2=k"))"
    Error: undefined symbol in: "[a]"
Questionable use of curly braces in "(property (name "sim.pins") (value "1={a} 2=k"))"
    Error: undefined symbol in: "[a]"
Questionable use of curly braces in "(field (name "sim.pins") "1={a} 2=k"))"
    Error: undefined symbol in: "[a]"
Questionable use of curly braces in "(property (name "sim.pins") (value "1={a} 2=k"))"
    Error: undefined symbol in: "[a]"
Questionable use of curly braces in "(field (name "sim.pins") "1={a} 2=k"))"
    Error: undefined symbol in: "[a]"
Questionable use of curly braces in "(property (name "sim.pins") (value "1={a} 2=k"))"
    Error: undefined symbol in: "[a]"
Questionable use of curly braces in "(field (name "sim.pins") "1={a} 2=k"))"
    Error: undefined symbol in: "[a]"
Questionable use of curly braces in "(property (name "sim.pins") (value "1={a} 2=k"))"
    Error: undefined symbol in: "[a]"
Questionable use of curly braces in "(field (name "sim.pins") "1={a} 2=k"))"
    Error: undefined symbol in: "[a]"
Questionable use of curly braces in "(property (name "sim.pins") (value "1={a} 2=k"))"
    Error: undefined symbol in: "[a]"
Questionable use of curly braces in "(field (name "sim.pins") "1={a} 2=k"))"
    Error: undefined symbol in: "[a]"
Questionable use of curly braces in "(property (name "sim.pins") (value "1={a} 2=k"))"
    Error: undefined symbol in: "[a]"
Questionable use of curly braces in "(field (name "sim.pins") "1={a} 2=k"))"
    Error: undefined symbol in: "[a]"
Questionable use of curly braces in "(property (name "sim.pins") (value "1={a} 2=k"))"
    Error: undefined symbol in: "[a]"
Questionable use of curly braces in "(field (name "sim.pins") "1={a} 2=k"))"
    Error: undefined symbol in: "[a]"
Questionable use of curly braces in "(property (name "sim.pins") (value "1={a} 2=k"))"
    Error: undefined symbol in: "[a]"
Questionable use of curly braces in "(field (name "sim.pins") "1={a} 2=k"))"
    Error: undefined symbol in: "[a]"
Questionable use of curly braces in "(property (name "sim.pins") (value "1={a} 2=k"))"
    Error: undefined symbol in: "[a]"
Questionable use of curly braces in "(field (name "sim.pins") "1={a} 2=k"))"
    Error: undefined symbol in: "[a]"
Questionable use of curly braces in "(property (name "sim.pins") (value "1={a} 2=k"))"
    Error: undefined symbol in: "[a]"
Questionable use of curly braces in "(field (name "sim.pins") "1={a} 2=k"))"
    Error: undefined symbol in: "[a]"
Questionable use of curly braces in "(property (name "sim.pins") (value "1={a} 2=k"))"
    Error: undefined symbol in: "[a]"
Questionable use of curly braces in "(field (name "sim.pins") "1={a} 2=k"))"
    Error: undefined symbol in: "[a]"
Questionable use of curly braces in "(property (name "sim.pins") (value "1={a} 2=k"))"
    Error: undefined symbol in: "[a]"
Questionable use of curly braces in "(field (name "sim.pins") "1={a} 2=k"))"
    Error: undefined symbol in: "[a]"
Questionable use of curly braces in "(property (name "sim.pins") (value "1={a} 2=k"))"
    Error: undefined symbol in: "[a]"
Questionable use of curly braces in "(field (name "sim.pins") "1={a} 2=k"))"
    Error: undefined symbol in: "[a]"
Questionable use of curly braces in "(property (name "sim.pins") (value "1={a} 2=k"))"
    Error: undefined symbol in: "[a]"
Questionable use of curly braces in "(field (name "sim.pins") "1={a} 2=k"))"
    Error: undefined symbol in: "[a]"
Questionable use of curly braces in "(property (name "sim.pins") (value "1={a} 2=k"))"
    Error: undefined symbol in: "[a]"
Questionable use of curly braces in "(field (name "sim.pins") "1={a} 2=k"))"
    Error: undefined symbol in: "[a]"
Questionable use of curly braces in "(property (name "sim.pins") (value "1={a} 2=k"))"
    Error: undefined symbol in: "[a]"
Questionable use of curly braces in "(field (name "sim.pins") "1={a} 2=k"))"
    Error: undefined symbol in: "[a]"
Questionable use of curly braces in "(property (name "sim.pins") (value "1={a} 2=k"))"
    Error: undefined symbol in: "[a]"
Questionable use of curly braces in "(field (name "sim.pins") "1={a} 2=k"))"
    Error: undefined symbol in: "[a]"
Questionable use of curly braces in "(property (name "sim.pins") (value "1={a} 2=k"))"
    Error: undefined symbol in: "[a]"
Questionable use of curly braces in "(field (name "sim.pins") "1={a} 2=k"))"
    Error: undefined symbol in: "[a]"
Questionable use of curly braces in "(property (name "sim.pins") (value "1={a} 2=k"))"
    Error: undefined symbol in: "[a]"
Questionable use of curly braces in "(field (name "sim.pins") "1={a} 2=k"))"
    Error: undefined symbol in: "[a]"
Questionable use of curly braces in "(property (name "sim.pins") (value "1={a} 2=k"))"
    Error: undefined symbol in: "[a]"
Questionable use of curly braces in "(field (name "sim.pins") "1={a} 2=k"))"
    Error: undefined symbol in: "[a]"
Questionable use of curly braces in "(property (name "sim.pins") (value "1={a} 2=k"))"
    Error: undefined symbol in: "[a]"
Questionable use of curly braces in "(field (name "sim.pins") "1={a} 2=k"))"
    Error: undefined symbol in: "[a]"
Questionable use of curly braces in "(property (name "sim.pins") (value "1={a} 2=k"))"
    Error: undefined symbol in: "[a]"
Questionable use of curly braces in "(field (name "sim.pins") "1={a} 2=k"))"
    Error: undefined symbol in: "[a]"
Questionable use of curly braces in "(property (name "sim.pins") (value "1={a} 2=k"))"
    Error: undefined symbol in: "[a]"
Questionable use of curly braces in "(field (name "sim.pins") "1={a} 2=k"))"
    Error: undefined symbol in: "[a]"
Questionable use of curly braces in "(property (name "sim.pins") (value "1={a} 2=k"))"
    Error: undefined symbol in: "[a]"
Questionable use of curly braces in "(field (name "sim.pins") "1={a} 2=k"))"
    Error: undefined symbol in: "[a]"
Questionable use of curly braces in "(property (name "sim.pins") (value "1={a} 2=k"))"
    Error: undefined symbol in: "[a]"
Questionable use of curly braces in "(field (name "sim.pins") "1={a} 2=k"))"
    Error: undefined symbol in: "[a]"
Questionable use of curly braces in "(property (name "sim.pins") (value "1={a} 2=k"))"
    Error: undefined symbol in: "[a]"
Questionable use of curly braces in "(field (name "sim.pins") "1={a} 2=k"))"
    Error: undefined symbol in: "[a]"
Questionable use of curly braces in "(property (name "sim.pins") (value "1={a} 2=k"))"
    Error: undefined symbol in: "[a]"
Questionable use of curly braces in "(field (name "sim.pins") "1={a} 2=k"))"
    Error: undefined symbol in: "[a]"
Questionable use of curly braces in "(property (name "sim.pins") (value "1={a} 2=k"))"
    Error: undefined symbol in: "[a]"
Questionable use of curly braces in "(field (name "sim.pins") "1={a} 2=k"))"
    Error: undefined symbol in: "[a]"
Questionable use of curly braces in "(property (name "sim.pins") (value "1={a} 2=k"))"
    Error: undefined symbol in: "[a]"
Questionable use of curly braces in "(field (name "sim.pins") "1={a} 2=k"))"
    Error: undefined symbol in: "[a]"
Questionable use of curly braces in "(property (name "sim.pins") (value "1={a} 2=k"))"
    Error: undefined symbol in: "[a]"
Questionable use of curly braces in "(field (name "sim.pins") "1={a} 2=k"))"
    Error: undefined symbol in: "[a]"
Questionable use of curly braces in "(property (name "sim.pins") (value "1={a} 2=k"))"
    Error: undefined symbol in: "[a]"
Questionable use of curly braces in "(field (name "sim.pins") "1={a} 2=k"))"
    Error: undefined symbol in: "[a]"
Questionable use of curly braces in "(property (name "sim.pins") (value "1={a} 2=k"))"
    Error: undefined symbol in: "[a]"
Questionable use of curly braces in "(field (name "sim.pins") "1={a} 2=k"))"
    Error: undefined symbol in: "[a]"
Questionable use of curly braces in "(property (name "sim.pins") (value "1={a} 2=k"))"
    Error: undefined symbol in: "[a]"
Questionable use of curly braces in "(field (name "sim.pins") "1={a} 2=k"))"
    Error: undefined symbol in: "[a]"
Questionable use of curly braces in "(property (name "sim.pins") (value "1={a} 2=k"))"
    Error: undefined symbol in: "[a]"
Questionable use of curly braces in "(field (name "sim.pins") "1={a} 2=k"))"
    Error: undefined symbol in: "[a]"
Questionable use of curly braces in "(property (name "sim.pins") (value "1={a} 2=k"))"
    Error: undefined symbol in: "[a]"
Questionable use of curly braces in "(field (name "sim.pins") "1={a} 2=k"))"
    Error: undefined symbol in: "[a]"
Questionable use of curly braces in "(property (name "sim.pins") (value "1={a} 2=k"))"
    Error: undefined symbol in: "[a]"
Questionable use of curly braces in "(field (name "sim.pins") "1={a} 2=k"))"
    Error: undefined symbol in: "[a]"
Questionable use of curly braces in "(property (name "sim.pins") (value "1={a} 2=k"))"
    Error: undefined symbol in: "[a]"
Questionable use of curly braces in "(field (name "sim.pins") "1={a} 2=k"))"
    Error: undefined symbol in: "[a]"
Questionable use of curly braces in "(property (name "sim.pins") (value "1={a} 2=k"))"
    Error: undefined symbol in: "[a]"
Questionable use of curly braces in "(field (name "sim.pins") "1={a} 2=k"))"
    Error: undefined symbol in: "[a]"
Questionable use of curly braces in "(property (name "sim.pins") (value "1={a} 2=k"))"
    Error: undefined symbol in: "[a]"
Questionable use of curly braces in "(field (name "sim.pins") "1={a} 2=k"))"
    Error: undefined symbol in: "[a]"
Questionable use of curly braces in "(property (name "sim.pins") (value "1={a} 2=k"))"
    Error: undefined symbol in: "[a]"
Questionable use of curly braces in "(field (name "sim.pins") "1={a} 2=k"))"
    Error: undefined symbol in: "[a]"
Questionable use of curly braces in "(property (name "sim.pins") (value "1={a} 2=k"))"
    Error: undefined symbol in: "[a]"
Questionable use of curly braces in "(field (name "sim.pins") "1={a} 2=k"))"
    Error: undefined symbol in: "[a]"
Questionable use of curly braces in "(property (name "sim.pins") (value "1={a} 2=k"))"
    Error: undefined symbol in: "[a]"
Questionable use of curly braces in "(field (name "sim.pins") "1={a} 2=k"))"
    Error: undefined symbol in: "[a]"
Questionable use of curly braces in "(property (name "sim.pins") (value "1={a} 2=k"))"
    Error: undefined symbol in: "[a]"
Questionable use of curly braces in "(field (name "sim.pins") "1={a} 2=k"))"
    Error: undefined symbol in: "[a]"
Questionable use of curly braces in "(property (name "sim.pins") (value "1={a} 2=k"))"
    Error: undefined symbol in: "[a]"
Questionable use of curly braces in "(field (name "sim.pins") "1={a} 2=k"))"
    Error: undefined symbol in: "[a]"
Questionable use of curly braces in "(property (name "sim.pins") (value "1={a} 2=k"))"
    Error: undefined symbol in: "[a]"
Questionable use of curly braces in "(field (name "sim.pins") "1={a} 2=k"))"
    Error: undefined symbol in: "[a]"
Questionable use of curly braces in "(property (name "sim.pins") (value "1={a} 2=k"))"
    Error: undefined symbol in: "[a]"
Questionable use of curly braces in "(field (name "sim.pins") "1={a} 2=k"))"
    Error: undefined symbol in: "[a]"
Questionable use of curly braces in "(property (name "sim.pins") (value "1={a} 2=k"))"
    Error: undefined symbol in: "[a]"
Questionable use of curly braces in "(field (name "sim.pins") "1={a} 2=k"))"
    Error: undefined symbol in: "[a]"
Questionable use of curly braces in "(property (name "sim.pins") (value "1={a} 2=k"))"
    Error: undefined symbol in: "[a]"
Questionable use of curly braces in "(field (name "sim.pins") "1={a} 2=k"))"
    Error: undefined symbol in: "[a]"
Questionable use of curly braces in "(property (name "sim.pins") (value "1={a} 2=k"))"
    Error: undefined symbol in: "[a]"
Questionable use of curly braces in "(field (name "sim.pins") "1={a} 2=k"))"
    Error: undefined symbol in: "[a]"
Questionable use of curly braces in "(property (name "sim.pins") (value "1={a} 2=k"))"
    Error: undefined symbol in: "[a]"
Questionable use of curly braces in "(field (name "sim.pins") "1={a} 2=k"))"
    Error: undefined symbol in: "[a]"
Questionable use of curly braces in "(property (name "sim.pins") (value "1={a} 2=k"))"
    Error: undefined symbol in: "[a]"
Questionable use of curly braces in "(field (name "sim.pins") "1={a} 2=k"))"
    Error: undefined symbol in: "[a]"
Questionable use of curly braces in "(property (name "sim.pins") (value "1={a} 2=k"))"
    Error: undefined symbol in: "[a]"
Questionable use of curly braces in "(field (name "sim.pins") "1={a} 2=k"))"
    Error: undefined symbol in: "[a]"
Questionable use of curly braces in "(property (name "sim.pins") (value "1={a} 2=k"))"
    Error: undefined symbol in: "[a]"
Questionable use of curly braces in "(field (name "sim.pins") "1={a} 2=k"))"
    Error: undefined symbol in: "[a]"
Questionable use of curly braces in "(property (name "sim.pins") (value "1={a} 2=k"))"
    Error: undefined symbol in: "[a]"
Questionable use of curly braces in "(field (name "sim.pins") "1={a} 2=k"))"
    Error: undefined symbol in: "[a]"
Questionable use of curly braces in "(property (name "sim.pins") (value "1={a} 2=k"))"
    Error: undefined symbol in: "[a]"
Questionable use of curly braces in "(field (name "sim.pins") "1={a} 2=k"))"
    Error: undefined symbol in: "[a]"
Questionable use of curly braces in "(property (name "sim.pins") (value "1={a} 2=k"))"
    Error: undefined symbol in: "[a]"
Questionable use of curly braces in "(field (name "sim.pins") "1={a} 2=k"))"
    Error: undefined symbol in: "[a]"
Questionable use of curly braces in "(property (name "sim.pins") (value "1={a} 2=k"))"
    Error: undefined symbol in: "[a]"
Questionable use of curly braces in "(field (name "sim.pins") "1={a} 2=k"))"
    Error: undefined symbol in: "[a]"
Questionable use of curly braces in "(property (name "sim.pins") (value "1={a} 2=k"))"
    Error: undefined symbol in: "[a]"
Questionable use of curly braces in "(field (name "sim.pins") "1={a} 2=k"))"
    Error: undefined symbol in: "[a]"
Questionable use of curly braces in "(property (name "sim.pins") (value "1={a} 2=k"))"
    Error: undefined symbol in: "[a]"
Questionable use of curly braces in "(field (name "sim.pins") "1={a} 2=k"))"
    Error: undefined symbol in: "[a]"
Questionable use of curly braces in "(property (name "sim.pins") (value "1={a} 2=k"))"
    Error: undefined symbol in: "[a]"
Questionable use of curly braces in "(field (name "sim.pins") "1={a} 2=k"))"
    Error: undefined symbol in: "[a]"
Questionable use of curly braces in "(property (name "sim.pins") (value "1={a} 2=k"))"
    Error: undefined symbol in: "[a]"
Questionable use of curly braces in "(field (name "sim.pins") "1={a} 2=k"))"
    Error: undefined symbol in: "[a]"
Questionable use of curly braces in "(property (name "sim.pins") (value "1={a} 2=k"))"
    Error: undefined symbol in: "[a]"
Questionable use of curly braces in "(field (name "sim.pins") "1={a} 2=k"))"
    Error: undefined symbol in: "[a]"
Questionable use of curly braces in "(property (name "sim.pins") (value "1={a} 2=k"))"
    Error: undefined symbol in: "[a]"
Questionable use of curly braces in "(field (name "sim.pins") "1={a} 2=k"))"
    Error: undefined symbol in: "[a]"
Questionable use of curly braces in "(property (name "sim.pins") (value "1={a} 2=k"))"
    Error: undefined symbol in: "[a]"
Questionable use of curly braces in "(field (name "sim.pins") "1={a} 2=k"))"
    Error: undefined symbol in: "[a]"
Questionable use of curly braces in "(property (name "sim.pins") (value "1={a} 2=k"))"
    Error: undefined symbol in: "[a]"
Questionable use of curly braces in "(field (name "sim.pins") "1={a} 2=k"))"
    Error: undefined symbol in: "[a]"
Questionable use of curly braces in "(property (name "sim.pins") (value "1={a} 2=k"))"
    Error: undefined symbol in: "[a]"
Questionable use of curly braces in "(field (name "sim.pins") "1={a} 2=k"))"
    Error: undefined symbol in: "[a]"
Questionable use of curly braces in "(property (name "sim.pins") (value "1={a} 2=k"))"
    Error: undefined symbol in: "[a]"
Questionable use of curly braces in "(field (name "sim.pins") "1={a} 2=k"))"
    Error: undefined symbol in: "[a]"
Questionable use of curly braces in "(property (name "sim.pins") (value "1={a} 2=k"))"
    Error: undefined symbol in: "[a]"
Questionable use of curly braces in "(field (name "sim.pins") "1={a} 2=k"))"
    Error: undefined symbol in: "[a]"
Questionable use of curly braces in "(property (name "sim.pins") (value "1={a} 2=k"))"
    Error: undefined symbol in: "[a]"
Questionable use of curly braces in "(field (name "sim.pins") "1={a} 2=k"))"
    Error: undefined symbol in: "[a]"
Questionable use of curly braces in "(property (name "sim.pins") (value "1={a} 2=k"))"
    Error: undefined symbol in: "[a]"
Questionable use of curly braces in "(field (name "sim.pins") "1={a} 2=k"))"
    Error: undefined symbol in: "[a]"
Questionable use of curly braces in "(property (name "sim.pins") (value "1={a} 2=k"))"
    Error: undefined symbol in: "[a]"
Questionable use of curly braces in "(field (name "sim.pins") "1={a} 2=k"))"
    Error: undefined symbol in: "[a]"
Questionable use of curly braces in "(property (name "sim.pins") (value "1={a} 2=k"))"
    Error: undefined symbol in: "[a]"
Questionable use of curly braces in "(field (name "sim.pins") "1={a} 2=k"))"
    Error: undefined symbol in: "[a]"
Questionable use of curly braces in "(property (name "sim.pins") (value "1={a} 2=k"))"
    Error: undefined symbol in: "[a]"
Questionable use of curly braces in "(field (name "sim.pins") "1={a} 2=k"))"
    Error: undefined symbol in: "[a]"
Questionable use of curly braces in "(property (name "sim.pins") (value "1={a} 2=k"))"
    Error: undefined symbol in: "[a]"
Questionable use of curly braces in "(field (name "sim.pins") "1={a} 2=k"))"
    Error: undefined symbol in: "[a]"
Questionable use of curly braces in "(property (name "sim.pins") (value "1={a} 2=k"))"
    Error: undefined symbol in: "[a]"
Questionable use of curly braces in "(field (name "sim.pins") "1={a} 2=k"))"
    Error: undefined symbol in: "[a]"
Questionable use of curly braces in "(property (name "sim.pins") (value "1={a} 2=k"))"
    Error: undefined symbol in: "[a]"
Questionable use of curly braces in "(field (name "sim.pins") "1={a} 2=k"))"
    Error: undefined symbol in: "[a]"
Questionable use of curly braces in "(property (name "sim.pins") (value "1={a} 2=k"))"
    Error: undefined symbol in: "[a]"
Questionable use of curly braces in "(field (name "sim.pins") "1={a} 2=k"))"
    Error: undefined symbol in: "[a]"
Questionable use of curly braces in "(property (name "sim.pins") (value "1={a} 2=k"))"
    Error: undefined symbol in: "[a]"
Questionable use of curly braces in "(field (name "sim.pins") "1={a} 2=k"))"
    Error: undefined symbol in: "[a]"
Questionable use of curly braces in "(property (name "sim.pins") (value "1={a} 2=k"))"
    Error: undefined symbol in: "[a]"
Questionable use of curly braces in "(field (name "sim.pins") "1={a} 2=k"))"
    Error: undefined symbol in: "[a]"
Questionable use of curly braces in "(property (name "sim.pins") (value "1={a} 2=k"))"
    Error: undefined symbol in: "[a]"
Questionable use of curly braces in "(field (name "sim.pins") "1={a} 2=k"))"
    Error: undefined symbol in: "[a]"
Questionable use of curly braces in "(property (name "sim.pins") (value "1={a} 2=k"))"
    Error: undefined symbol in: "[a]"
Questionable use of curly braces in "(field (name "sim.pins") "1={a} 2=k"))"
    Error: undefined symbol in: "[a]"
Questionable use of curly braces in "(property (name "sim.pins") (value "1={a} 2=k"))"
    Error: undefined symbol in: "[a]"
Questionable use of curly braces in "(field (name "sim.pins") "1={a} 2=k"))"
    Error: undefined symbol in: "[a]"
Questionable use of curly braces in "(property (name "sim.pins") (value "1={a} 2=k"))"
    Error: undefined symbol in: "[a]"
Questionable use of curly braces in "(field (name "sim.pins") "1={a} 2=k"))"
    Error: undefined symbol in: "[a]"
Questionable use of curly braces in "(property (name "sim.pins") (value "1={a} 2=k"))"
    Error: undefined symbol in: "[a]"
Questionable use of curly braces in "(field (name "sim.pins") "1={a} 2=k"))"
    Error: undefined symbol in: "[a]"
Questionable use of curly braces in "(property (name "sim.pins") (value "1={a} 2=k"))"
    Error: undefined symbol in: "[a]"
Questionable use of curly braces in "(field (name "sim.pins") "1={gnd} 2=in/out")"
    Error: undefined symbol in: "[gnd]"
Questionable use of curly braces in "(property (name "sim.pins") (value "1={gnd} 2=in/out"))"
    Error: undefined symbol in: "[gnd]"
Questionable use of curly braces in "(field (name "sim.pins") "1={k} 2=a"))"
    Error: undefined symbol in: "[k]"
Questionable use of curly braces in "(net (code "39") (name "net-(buckconverter1v8-comp{slash}fset)")"
    Error: undefined symbol in: "[slash]"
Questionable use of curly braces in "(net (code "267") (name "on{slash}offswitch")"
    Error: undefined symbol in: "[slash]"
Questionable use of curly braces in "(net (code "292") (name "unconnected-(ic1-n{slash}c-pad12)")"
    Error: undefined symbol in: "[slash]"
Circuit: (export (version "E")

Fatal Error: Unknown SPICE device type "(" in "(design"
